#
# There is insufficient memory for the Java Runtime Environment to continue.
# Native memory allocation (malloc) failed to allocate 776176 bytes for Chunk::new
# Possible reasons:
#   The system is out of physical RAM or swap space
#   In 32 bit mode, the process size limit was hit
# Possible solutions:
#   Reduce memory load on the system
#   Increase physical memory or swap space
#   Check if swap backing store is full
#   Use 64 bit Java on a 64 bit OS
#   Decrease Java heap size (-Xmx/-Xms)
#   Decrease number of Java threads
#   Decrease Java thread stack sizes (-Xss)
#   Set larger code cache with -XX:ReservedCodeCacheSize=
# This output file may be truncated or incomplete.
#
#  Out of Memory Error (allocation.cpp:390), pid=14380, tid=0x00000000000045d4
#
# JRE version: Java(TM) SE Runtime Environment (8.0_152-b16) (build 1.8.0_152-b16)
# Java VM: Java HotSpot(TM) 64-Bit Server VM (25.152-b16 mixed mode windows-amd64 compressed oops)
# Failed to write core dump. Minidumps are not enabled by default on client versions of Windows
#

---------------  T H R E A D  ---------------

Current thread (0x00000000551be000):  JavaThread "C2 CompilerThread0" daemon [_thread_in_native, id=17876, stack(0x0000000055930000,0x0000000055a30000)]

Stack: [0x0000000055930000,0x0000000055a30000]
[error occurred during error reporting (printing stack bounds), id 0xc0000005]

Native frames: (J=compiled Java code, j=interpreted, Vv=VM code, C=native code)


Current CompileTask:
C2:   7506 3695   !   4       java.util.jar.Attributes::read (380 bytes)


---------------  P R O C E S S  ---------------

Java Threads: ( => current thread )
  0x00000000579e9000 JavaThread "Memory manager" [_thread_blocked, id=18808, stack(0x000000005fa20000,0x000000005fb20000)]
  0x00000000579e8800 JavaThread "build operations Thread 4" [_thread_blocked, id=14872, stack(0x000000005c710000,0x000000005c810000)]
  0x00000000579e7800 JavaThread "build operations Thread 3" [_thread_blocked, id=18632, stack(0x0000000059e40000,0x0000000059f40000)]
  0x00000000579e7000 JavaThread "build operations Thread 2" [_thread_blocked, id=5296, stack(0x000000005d8d0000,0x000000005d9d0000)]
  0x00000000579e6000 JavaThread "build operations" [_thread_blocked, id=16844, stack(0x0000000059c40000,0x0000000059d40000)]
  0x00000000579e5800 JavaThread "Cache worker for Artifact transforms cache (C:\Users\123\.gradle\caches\transforms-1)" [_thread_blocked, id=17676, stack(0x000000005b570000,0x000000005b670000)]
  0x00000000579e4000 JavaThread "Cache worker for file hash cache (E:\DtiCPE\CPE1\.gradle\4.1\fileHashes)" [_thread_blocked, id=15984, stack(0x000000005a090000,0x000000005a190000)]
  0x00000000579e3000 JavaThread "File lock request listener" [_thread_in_native, id=8716, stack(0x0000000059f90000,0x000000005a090000)]
  0x00000000579e2800 JavaThread "Cache worker for file hash cache (C:\Users\123\.gradle\caches\4.1\fileHashes)" [_thread_blocked, id=18584, stack(0x0000000059d40000,0x0000000059e40000)]
  0x0000000056ce1000 JavaThread "Stdin handler" [_thread_blocked, id=18812, stack(0x00000000597c0000,0x00000000598c0000)]
  0x0000000056ce0800 JavaThread "Asynchronous log dispatcher for DefaultDaemonConnection: socket connection from /127.0.0.1:50551 to /127.0.0.1:50552" [_thread_blocked, id=18592, stack(0x00000000598f0000,0x00000000599f0000)]
  0x0000000057002000 JavaThread "Daemon worker" [_thread_blocked, id=19212, stack(0x0000000058fe0000,0x00000000590e0000)]
  0x0000000056ff9800 JavaThread "Cancel handler" [_thread_blocked, id=14716, stack(0x0000000059690000,0x0000000059790000)]
  0x000000005705b800 JavaThread "Handler for socket connection from /127.0.0.1:50551 to /127.0.0.1:50552" [_thread_in_native, id=7952, stack(0x0000000059330000,0x0000000059430000)]
  0x0000000056ebb000 JavaThread "Daemon" [_thread_blocked, id=636, stack(0x0000000059170000,0x0000000059270000)]
  0x0000000057055800 JavaThread "Daemon periodic checks" [_thread_blocked, id=15200, stack(0x0000000058d50000,0x0000000058e50000)]
  0x0000000057050800 JavaThread "Incoming local TCP Connector on port 50551" [_thread_in_native, id=17060, stack(0x0000000058ec0000,0x0000000058fc0000)]
  0x00000000572a2800 JavaThread "Daemon health stats" [_thread_blocked, id=1904, stack(0x0000000057850000,0x0000000057950000)]
  0x000000005521d000 JavaThread "Service Thread" daemon [_thread_blocked, id=15816, stack(0x0000000055e00000,0x0000000055f00000)]
  0x00000000551cb800 JavaThread "C1 CompilerThread2" daemon [_thread_blocked, id=13728, stack(0x0000000055c70000,0x0000000055d70000)]
  0x00000000551c4000 JavaThread "C2 CompilerThread1" daemon [_thread_in_native, id=13440, stack(0x0000000055aa0000,0x0000000055ba0000)]
=>0x00000000551be000 JavaThread "C2 CompilerThread0" daemon [_thread_in_native, id=17876, stack(0x0000000055930000,0x0000000055a30000)]
  0x0000000053c5f800 JavaThread "Attach Listener" daemon [_thread_blocked, id=19148, stack(0x0000000055800000,0x0000000055900000)]
  0x0000000053c50000 JavaThread "Signal Dispatcher" daemon [_thread_blocked, id=16212, stack(0x0000000055670000,0x0000000055770000)]
  0x0000000053c39800 JavaThread "Finalizer" daemon [_thread_blocked, id=15924, stack(0x00000000550a0000,0x00000000551a0000)]
  0x0000000053bf2800 JavaThread "Reference Handler" daemon [_thread_blocked, id=19448, stack(0x0000000054ed0000,0x0000000054fd0000)]
  0x000000000251e000 JavaThread "main" [_thread_blocked, id=19344, stack(0x00000000027b0000,0x00000000028b0000)]

Other Threads:
  0x0000000053beb000 VMThread [stack: 0x0000000054d20000,0x0000000054e20000] [id=19276]
  0x0000000055254800 WatcherThread [stack: 0x0000000055f70000,0x0000000056070000] [id=10008]

VM state:at safepoint (normal execution)

VM Mutex/Monitor currently owned by a thread:  ([mutex/lock_event])
[0x000000000251c950] Threads_lock - owner thread: 0x0000000053beb000
[0x000000000251ce50] Heap_lock - owner thread: 0x0000000057002000

Heap:
 PSYoungGen      total 153600K, used 9861K [0x00000000f5580000, 0x00000000ffa80000, 0x0000000100000000)
  eden space 143360K, 0% used [0x00000000f5580000,0x00000000f5580000,0x00000000fe180000)
  from space 10240K, 96% used [0x00000000ff080000,0x00000000ffa21730,0x00000000ffa80000)
  to   space 12288K, 0% used [0x00000000fe280000,0x00000000fe280000,0x00000000fee80000)
 ParOldGen       total 98304K, used 15045K [0x00000000e0000000, 0x00000000e6000000, 0x00000000f5580000)
  object space 98304K, 15% used [0x00000000e0000000,0x00000000e0eb1668,0x00000000e6000000)
 Metaspace       used 39379K, capacity 40128K, committed 40368K, reserved 1087488K
  class space    used 5472K, capacity 5715K, committed 5808K, reserved 1048576K

Card table byte_map: [0x0000000002520000,0x0000000002630000] byte_map_base: 0x0000000001e20000

Marking Bits: (ParMarkBitMap*) 0x0000000070710860
 Begin Bits: [0x0000000012260000, 0x0000000012a60000)
 End Bits:   [0x0000000012a60000, 0x0000000013260000)

Polling page: 0x00000000001c0000

CodeCache: size=245760Kb used=12493Kb max_used=12493Kb free=233267Kb
 bounds [0x00000000028b0000, 0x00000000034f0000, 0x00000000118b0000]
 total_blobs=4312 nmethods=3593 adapters=631
 compilation: enabled

Compilation events (10 events):
Event: 7.453 Thread 0x00000000551cb800 3812       2       java.util.ArrayDeque::pop (5 bytes)
Event: 7.453 Thread 0x00000000551cb800 nmethod 3812 0x00000000034e6a90 code [0x00000000034e6c00, 0x00000000034e6e18]
Event: 7.458 Thread 0x00000000551cb800 3813       1       com.google.common.cache.LocalCache$WeakEntry::getHash (5 bytes)
Event: 7.458 Thread 0x00000000551cb800 nmethod 3813 0x00000000034e6f50 code [0x00000000034e70a0, 0x00000000034e71b0]
Event: 7.459 Thread 0x00000000551cb800 3814       1       java.lang.reflect.Field::getDeclaringClass (5 bytes)
Event: 7.459 Thread 0x00000000551cb800 nmethod 3814 0x00000000034e7210 code [0x00000000034e7360, 0x00000000034e7470]
Event: 7.461 Thread 0x00000000551cb800 3815       2       org.codehaus.groovy.runtime.metaclass.ReflectionMetaMethod::getName (8 bytes)
Event: 7.461 Thread 0x00000000551cb800 nmethod 3815 0x00000000034e74d0 code [0x00000000034e7620, 0x00000000034e7770]
Event: 7.468 Thread 0x00000000551cb800 3816       1       java.beans.WeakIdentityMap$Entry::access$100 (5 bytes)
Event: 7.468 Thread 0x00000000551cb800 nmethod 3816 0x00000000034e7850 code [0x00000000034e79a0, 0x00000000034e7a90]

GC Heap History (10 events):
Event: 3.610 GC heap before
{Heap before GC invocations=5 (full 1):
 PSYoungGen      total 71680K, used 5112K [0x00000000f5580000, 0x00000000fa080000, 0x0000000100000000)
  eden space 66560K, 0% used [0x00000000f5580000,0x00000000f5580000,0x00000000f9680000)
  from space 5120K, 99% used [0x00000000f9b80000,0x00000000fa07e040,0x00000000fa080000)
  to   space 5120K, 0% used [0x00000000f9680000,0x00000000f9680000,0x00000000f9b80000)
 ParOldGen       total 87552K, used 8491K [0x00000000e0000000, 0x00000000e5580000, 0x00000000f5580000)
  object space 87552K, 9% used [0x00000000e0000000,0x00000000e084aed8,0x00000000e5580000)
 Metaspace       used 20769K, capacity 21252K, committed 21296K, reserved 1067008K
  class space    used 2934K, capacity 3102K, committed 3120K, reserved 1048576K
Event: 3.653 GC heap after
Heap after GC invocations=5 (full 1):
 PSYoungGen      total 71680K, used 0K [0x00000000f5580000, 0x00000000fa080000, 0x0000000100000000)
  eden space 66560K, 0% used [0x00000000f5580000,0x00000000f5580000,0x00000000f9680000)
  from space 5120K, 0% used [0x00000000f9b80000,0x00000000f9b80000,0x00000000fa080000)
  to   space 5120K, 0% used [0x00000000f9680000,0x00000000f9680000,0x00000000f9b80000)
 ParOldGen       total 64000K, used 9354K [0x00000000e0000000, 0x00000000e3e80000, 0x00000000f5580000)
  object space 64000K, 14% used [0x00000000e0000000,0x00000000e0922868,0x00000000e3e80000)
 Metaspace       used 20769K, capacity 21252K, committed 21296K, reserved 1067008K
  class space    used 2934K, capacity 3102K, committed 3120K, reserved 1048576K
}
Event: 4.387 GC heap before
{Heap before GC invocations=6 (full 1):
 PSYoungGen      total 71680K, used 66560K [0x00000000f5580000, 0x00000000fa080000, 0x0000000100000000)
  eden space 66560K, 100% used [0x00000000f5580000,0x00000000f9680000,0x00000000f9680000)
  from space 5120K, 0% used [0x00000000f9b80000,0x00000000f9b80000,0x00000000fa080000)
  to   space 5120K, 0% used [0x00000000f9680000,0x00000000f9680000,0x00000000f9b80000)
 ParOldGen       total 64000K, used 9354K [0x00000000e0000000, 0x00000000e3e80000, 0x00000000f5580000)
  object space 64000K, 14% used [0x00000000e0000000,0x00000000e0922868,0x00000000e3e80000)
 Metaspace       used 26293K, capacity 26714K, committed 26928K, reserved 1073152K
  class space    used 3685K, capacity 3854K, committed 3888K, reserved 1048576K
Event: 4.393 GC heap after
Heap after GC invocations=6 (full 1):
 PSYoungGen      total 71680K, used 5104K [0x00000000f5580000, 0x00000000fcc80000, 0x0000000100000000)
  eden space 66560K, 0% used [0x00000000f5580000,0x00000000f5580000,0x00000000f9680000)
  from space 5120K, 99% used [0x00000000f9680000,0x00000000f9b7c000,0x00000000f9b80000)
  to   space 10752K, 0% used [0x00000000fc200000,0x00000000fc200000,0x00000000fcc80000)
 ParOldGen       total 64000K, used 11057K [0x00000000e0000000, 0x00000000e3e80000, 0x00000000f5580000)
  object space 64000K, 17% used [0x00000000e0000000,0x00000000e0acc7e8,0x00000000e3e80000)
 Metaspace       used 26293K, capacity 26714K, committed 26928K, reserved 1073152K
  class space    used 3685K, capacity 3854K, committed 3888K, reserved 1048576K
}
Event: 5.375 GC heap before
{Heap before GC invocations=7 (full 1):
 PSYoungGen      total 71680K, used 71664K [0x00000000f5580000, 0x00000000fcc80000, 0x0000000100000000)
  eden space 66560K, 100% used [0x00000000f5580000,0x00000000f9680000,0x00000000f9680000)
  from space 5120K, 99% used [0x00000000f9680000,0x00000000f9b7c000,0x00000000f9b80000)
  to   space 10752K, 0% used [0x00000000fc200000,0x00000000fc200000,0x00000000fcc80000)
 ParOldGen       total 64000K, used 11057K [0x00000000e0000000, 0x00000000e3e80000, 0x00000000f5580000)
  object space 64000K, 17% used [0x00000000e0000000,0x00000000e0acc7e8,0x00000000e3e80000)
 Metaspace       used 30709K, capacity 31382K, committed 31792K, reserved 1077248K
  class space    used 4352K, capacity 4560K, committed 4656K, reserved 1048576K
Event: 5.386 GC heap after
Heap after GC invocations=7 (full 1):
 PSYoungGen      total 110592K, used 9644K [0x00000000f5580000, 0x00000000fcd80000, 0x0000000100000000)
  eden space 99840K, 0% used [0x00000000f5580000,0x00000000f5580000,0x00000000fb700000)
  from space 10752K, 89% used [0x00000000fc200000,0x00000000fcb6b1c0,0x00000000fcc80000)
  to   space 11264K, 0% used [0x00000000fb700000,0x00000000fb700000,0x00000000fc200000)
 ParOldGen       total 64000K, used 11065K [0x00000000e0000000, 0x00000000e3e80000, 0x00000000f5580000)
  object space 64000K, 17% used [0x00000000e0000000,0x00000000e0ace7e8,0x00000000e3e80000)
 Metaspace       used 30709K, capacity 31382K, committed 31792K, reserved 1077248K
  class space    used 4352K, capacity 4560K, committed 4656K, reserved 1048576K
}
Event: 6.382 GC heap before
{Heap before GC invocations=8 (full 1):
 PSYoungGen      total 110592K, used 31714K [0x00000000f5580000, 0x00000000fcd80000, 0x0000000100000000)
  eden space 99840K, 22% used [0x00000000f5580000,0x00000000f6b0d9c8,0x00000000fb700000)
  from space 10752K, 89% used [0x00000000fc200000,0x00000000fcb6b1c0,0x00000000fcc80000)
  to   space 11264K, 0% used [0x00000000fb700000,0x00000000fb700000,0x00000000fc200000)
 ParOldGen       total 64000K, used 11065K [0x00000000e0000000, 0x00000000e3e80000, 0x00000000f5580000)
  object space 64000K, 17% used [0x00000000e0000000,0x00000000e0ace7e8,0x00000000e3e80000)
 Metaspace       used 34611K, capacity 35260K, committed 35496K, reserved 1079296K
  class space    used 4860K, capacity 5090K, committed 5168K, reserved 1048576K
Event: 6.389 GC heap after
Heap after GC invocations=8 (full 1):
 PSYoungGen      total 111104K, used 8578K [0x00000000f5580000, 0x00000000ffc00000, 0x0000000100000000)
  eden space 99840K, 0% used [0x00000000f5580000,0x00000000f5580000,0x00000000fb700000)
  from space 11264K, 76% used [0x00000000fb700000,0x00000000fbf60828,0x00000000fc200000)
  to   space 11776K, 0% used [0x00000000ff080000,0x00000000ff080000,0x00000000ffc00000)
 ParOldGen       total 64000K, used 11073K [0x00000000e0000000, 0x00000000e3e80000, 0x00000000f5580000)
  object space 64000K, 17% used [0x00000000e0000000,0x00000000e0ad07e8,0x00000000e3e80000)
 Metaspace       used 34611K, capacity 35260K, committed 35496K, reserved 1079296K
  class space    used 4860K, capacity 5090K, committed 5168K, reserved 1048576K
}
Event: 6.389 GC heap before
{Heap before GC invocations=9 (full 2):
 PSYoungGen      total 111104K, used 8578K [0x00000000f5580000, 0x00000000ffc00000, 0x0000000100000000)
  eden space 99840K, 0% used [0x00000000f5580000,0x00000000f5580000,0x00000000fb700000)
  from space 11264K, 76% used [0x00000000fb700000,0x00000000fbf60828,0x00000000fc200000)
  to   space 11776K, 0% used [0x00000000ff080000,0x00000000ff080000,0x00000000ffc00000)
 ParOldGen       total 64000K, used 11073K [0x00000000e0000000, 0x00000000e3e80000, 0x00000000f5580000)
  object space 64000K, 17% used [0x00000000e0000000,0x00000000e0ad07e8,0x00000000e3e80000)
 Metaspace       used 34611K, capacity 35260K, committed 35496K, reserved 1079296K
  class space    used 4860K, capacity 5090K, committed 5168K, reserved 1048576K
Event: 6.439 GC heap after
Heap after GC invocations=9 (full 2):
 PSYoungGen      total 111104K, used 0K [0x00000000f5580000, 0x00000000ffc00000, 0x0000000100000000)
  eden space 99840K, 0% used [0x00000000f5580000,0x00000000f5580000,0x00000000fb700000)
  from space 11264K, 0% used [0x00000000fb700000,0x00000000fb700000,0x00000000fc200000)
  to   space 11776K, 0% used [0x00000000ff080000,0x00000000ff080000,0x00000000ffc00000)
 ParOldGen       total 98304K, used 15037K [0x00000000e0000000, 0x00000000e6000000, 0x00000000f5580000)
  object space 98304K, 15% used [0x00000000e0000000,0x00000000e0eaf668,0x00000000e6000000)
 Metaspace       used 34611K, capacity 35260K, committed 35496K, reserved 1079296K
  class space    used 4860K, capacity 5090K, committed 5168K, reserved 1048576K
}

Deoptimization events (10 events):
Event: 7.146 Thread 0x0000000057002000 Uncommon trap: reason=class_check action=maybe_recompile pc=0x0000000002b5b114 method=java.util.jar.JarFile.getJarEntry(Ljava/lang/String;)Ljava/util/jar/JarEntry; @ 2
Event: 7.146 Thread 0x0000000057002000 Uncommon trap: reason=class_check action=maybe_recompile pc=0x0000000002b5b114 method=java.util.jar.JarFile.getJarEntry(Ljava/lang/String;)Ljava/util/jar/JarEntry; @ 2
Event: 7.146 Thread 0x0000000057002000 Uncommon trap: reason=class_check action=maybe_recompile pc=0x0000000002b5b114 method=java.util.jar.JarFile.getJarEntry(Ljava/lang/String;)Ljava/util/jar/JarEntry; @ 2
Event: 7.147 Thread 0x0000000057002000 Uncommon trap: reason=unstable_if action=reinterpret pc=0x0000000002bead6c method=java.util.LinkedHashMap.get(Ljava/lang/Object;)Ljava/lang/Object; @ 20
Event: 7.150 Thread 0x0000000057002000 Uncommon trap: reason=class_check action=maybe_recompile pc=0x0000000002b5b114 method=java.util.jar.JarFile.getJarEntry(Ljava/lang/String;)Ljava/util/jar/JarEntry; @ 2
Event: 7.177 Thread 0x0000000057002000 Uncommon trap: reason=range_check action=make_not_entrant pc=0x0000000003329340 method=java.lang.String.charAt(I)C @ 27
Event: 7.265 Thread 0x0000000057002000 Uncommon trap: reason=unstable_if action=reinterpret pc=0x0000000002cff6a4 method=org.gradle.internal.logging.text.AbstractLineChoppingStyledTextOutput$2.execute(Lorg/gradle/internal/logging/text/AbstractLineChoppingStyledTextOutput$StateContext;)V @ 30
Event: 7.265 Thread 0x0000000057002000 Uncommon trap: reason=unstable_if action=reinterpret pc=0x0000000002c870bc method=org.gradle.internal.logging.text.AbstractLineChoppingStyledTextOutput$2.execute(Lorg/gradle/internal/logging/text/AbstractLineChoppingStyledTextOutput$StateContext;)V @ 30
Event: 7.348 Thread 0x0000000057002000 Uncommon trap: reason=unstable_if action=reinterpret pc=0x0000000003379564 method=java.security.CodeSource.matchCerts(Ljava/security/CodeSource;Z)Z @ 11
Event: 7.402 Thread 0x0000000057002000 Uncommon trap: reason=unstable_if action=reinterpret pc=0x00000000032a4070 method=org.codehaus.groovy.reflection.CachedMethod.compareToMethod(Ljava/lang/reflect/Method;)I @ 111

Classes redefined (0 events):
No events

Internal exceptions (10 events):
Event: 7.399 Thread 0x0000000057002000 Exception <a 'java/lang/ClassNotFoundException': com/android/build/gradle/internal/dsl/BuildTypeCustomizer> (0x00000000fa492dc8) thrown at [C:\re\workspace\8-2-build-windows-amd64-cygwin\jdk8u152\9742\hotspot\src\share\vm\classfile\systemDictionary.cpp, l
Event: 7.400 Thread 0x0000000057002000 Exception <a 'java/lang/ClassNotFoundException': com/android/build/gradle/internal/dsl/BuildType_DecoratedCustomizer> (0x00000000fa4eedc0) thrown at [C:\re\workspace\8-2-build-windows-amd64-cygwin\jdk8u152\9742\hotspot\src\share\vm\classfile\systemDiction
Event: 7.467 Thread 0x0000000057002000 Exception <a 'java/lang/ClassNotFoundException': com/android/build/gradle/AppExtension_DecoratedBeanInfo> (0x00000000faac5420) thrown at [C:\re\workspace\8-2-build-windows-amd64-cygwin\jdk8u152\9742\hotspot\src\share\vm\classfile\systemDictionary.cpp, lin
Event: 7.467 Thread 0x0000000057002000 Exception <a 'java/lang/ClassNotFoundException': com/android/build/gradle/AppExtensionBeanInfo> (0x00000000faad75b0) thrown at [C:\re\workspace\8-2-build-windows-amd64-cygwin\jdk8u152\9742\hotspot\src\share\vm\classfile\systemDictionary.cpp, line 210]
Event: 7.468 Thread 0x0000000057002000 Exception <a 'java/lang/ClassNotFoundException': com/android/build/gradle/TestedExtensionBeanInfo> (0x00000000faaea1d0) thrown at [C:\re\workspace\8-2-build-windows-amd64-cygwin\jdk8u152\9742\hotspot\src\share\vm\classfile\systemDictionary.cpp, line 210]
Event: 7.468 Thread 0x0000000057002000 Exception <a 'java/lang/ClassNotFoundException': com/android/build/gradle/BaseExtensionBeanInfo> (0x00000000faafc550) thrown at [C:\re\workspace\8-2-build-windows-amd64-cygwin\jdk8u152\9742\hotspot\src\share\vm\classfile\systemDictionary.cpp, line 210]
Event: 7.468 Thread 0x0000000057002000 Exception <a 'java/lang/ClassNotFoundException': com/android/build/gradle/BaseExtensionCustomizer> (0x00000000fab0f128) thrown at [C:\re\workspace\8-2-build-windows-amd64-cygwin\jdk8u152\9742\hotspot\src\share\vm\classfile\systemDictionary.cpp, line 210]
Event: 7.470 Thread 0x0000000057002000 Exception <a 'java/lang/ClassNotFoundException': com/android/build/gradle/TestedExtensionCustomizer> (0x00000000fab9fff0) thrown at [C:\re\workspace\8-2-build-windows-amd64-cygwin\jdk8u152\9742\hotspot\src\share\vm\classfile\systemDictionary.cpp, line 210
Event: 7.470 Thread 0x0000000057002000 Exception <a 'java/lang/ClassNotFoundException': com/android/build/gradle/AppExtensionCustomizer> (0x00000000fabcd608) thrown at [C:\re\workspace\8-2-build-windows-amd64-cygwin\jdk8u152\9742\hotspot\src\share\vm\classfile\systemDictionary.cpp, line 210]
Event: 7.471 Thread 0x0000000057002000 Exception <a 'java/lang/ClassNotFoundException': com/android/build/gradle/AppExtension_DecoratedCustomizer> (0x00000000fabf98c0) thrown at [C:\re\workspace\8-2-build-windows-amd64-cygwin\jdk8u152\9742\hotspot\src\share\vm\classfile\systemDictionary.cpp, l

Events (10 events):
Event: 7.470 loading class com/android/build/gradle/TestedExtensionCustomizer
Event: 7.470 loading class com/android/build/gradle/TestedExtensionCustomizer done
Event: 7.470 loading class com/android/build/gradle/AppExtensionCustomizer
Event: 7.470 loading class com/android/build/gradle/AppExtensionCustomizer done
Event: 7.470 loading class com/android/build/gradle/AppExtensionCustomizer
Event: 7.470 loading class com/android/build/gradle/AppExtensionCustomizer done
Event: 7.471 loading class com/android/build/gradle/AppExtension_DecoratedCustomizer
Event: 7.471 loading class com/android/build/gradle/AppExtension_DecoratedCustomizer done
Event: 7.471 loading class com/android/build/gradle/AppExtension_DecoratedCustomizer
Event: 7.471 loading class com/android/build/gradle/AppExtension_DecoratedCustomizer done


Dynamic libraries:
0x000000013f8b0000 - 0x000000013f8e7000 	D:\Tool\Jdk1.8\bin\java.exe
0x00000000772c0000 - 0x000000007745f000 	C:\Windows\SYSTEM32\ntdll.dll
0x00000000771a0000 - 0x00000000772bf000 	C:\Windows\system32\kernel32.dll
0x000007fefd120000 - 0x000007fefd18a000 	C:\Windows\system32\KERNELBASE.dll
0x000007feff4d0000 - 0x000007feff5ab000 	C:\Windows\system32\ADVAPI32.dll
0x000007fefeff0000 - 0x000007feff08f000 	C:\Windows\system32\msvcrt.dll
0x000007fefefa0000 - 0x000007fefefbf000 	C:\Windows\SYSTEM32\sechost.dll
0x000007fefecc0000 - 0x000007fefedec000 	C:\Windows\system32\RPCRT4.dll
0x00000000770a0000 - 0x000000007719a000 	C:\Windows\system32\USER32.dll
0x000007fefe6a0000 - 0x000007fefe707000 	C:\Windows\system32\GDI32.dll
0x000007feff2c0000 - 0x000007feff2ce000 	C:\Windows\system32\LPK.dll
0x000007fefd6f0000 - 0x000007fefd7bb000 	C:\Windows\system32\USP10.dll
0x000007fefb510000 - 0x000007fefb704000 	C:\Windows\WinSxS\amd64_microsoft.windows.common-controls_6595b64144ccf1df_6.0.7601.18837_none_fa3b1e3d17594757\COMCTL32.dll
0x000007fefd7c0000 - 0x000007fefd831000 	C:\Windows\system32\SHLWAPI.dll
0x000007fefe670000 - 0x000007fefe69e000 	C:\Windows\system32\IMM32.DLL
0x000007fefedf0000 - 0x000007fefeef9000 	C:\Windows\system32\MSCTF.dll
0x000000006b8d0000 - 0x000000006b9a2000 	D:\Tool\Jdk1.8\jre\bin\msvcr100.dll
0x000000006fef0000 - 0x0000000070790000 	D:\Tool\Jdk1.8\jre\bin\server\jvm.dll
0x000007fefb9d0000 - 0x000007fefb9d9000 	C:\Windows\system32\WSOCK32.dll
0x000007feff270000 - 0x000007feff2bd000 	C:\Windows\system32\WS2_32.dll
0x000007fefefc0000 - 0x000007fefefc8000 	C:\Windows\system32\NSI.dll
0x000007fef90b0000 - 0x000007fef90eb000 	C:\Windows\system32\WINMM.dll
0x000007fefc2b0000 - 0x000007fefc2bc000 	C:\Windows\system32\VERSION.dll
0x0000000077470000 - 0x0000000077477000 	C:\Windows\system32\PSAPI.DLL
0x000000006c560000 - 0x000000006c56f000 	D:\Tool\Jdk1.8\jre\bin\verify.dll
0x000000006b8a0000 - 0x000000006b8c9000 	D:\Tool\Jdk1.8\jre\bin\java.dll
0x000000006b050000 - 0x000000006b066000 	D:\Tool\Jdk1.8\jre\bin\zip.dll
0x000007fefd840000 - 0x000007fefe5ca000 	C:\Windows\system32\SHELL32.dll
0x000007feff2d0000 - 0x000007feff4cc000 	C:\Windows\system32\ole32.dll
0x000007fefd070000 - 0x000007fefd07f000 	C:\Windows\system32\profapi.dll
0x000000006b030000 - 0x000000006b04a000 	D:\Tool\jdk1.8\jre\bin\net.dll
0x000007fefc7e0000 - 0x000007fefc835000 	C:\Windows\system32\mswsock.dll
0x000007fefc7d0000 - 0x000007fefc7d7000 	C:\Windows\System32\wship6.dll
0x000000006b010000 - 0x000000006b021000 	D:\Tool\jdk1.8\jre\bin\nio.dll
0x000007fef5e40000 - 0x000007fef5e5e000 	C:\Users\123\.gradle\native\25\windows-amd64\native-platform.dll
0x000000006c450000 - 0x000000006c45d000 	D:\Tool\jdk1.8\jre\bin\management.dll
0x000007fefc840000 - 0x000007fefc858000 	C:\Windows\system32\CRYPTSP.dll
0x000007fefc500000 - 0x000007fefc547000 	C:\Windows\system32\rsaenh.dll
0x000007fefd300000 - 0x000007fefd31e000 	C:\Windows\system32\USERENV.dll
0x000007fefcf00000 - 0x000007fefcf0f000 	C:\Windows\system32\CRYPTBASE.dll
0x000007fef9100000 - 0x000007fef9127000 	C:\Windows\system32\IPHLPAPI.DLL
0x000007fef90f0000 - 0x000007fef90fb000 	C:\Windows\system32\WINNSI.DLL
0x000007fef81d0000 - 0x000007fef81e1000 	C:\Windows\system32\dhcpcsvc6.DLL
0x000007fef82c0000 - 0x000007fef82d8000 	C:\Windows\system32\dhcpcsvc.DLL

VM Arguments:
jvm_args: -Xmx512m -Dfile.encoding=GBK -Duser.country=CN -Duser.language=zh -Duser.variant 
java_command: org.gradle.launcher.daemon.bootstrap.GradleDaemon 4.1
java_class_path (initial): C:\Users\123\.gradle\wrapper\dists\gradle-4.1-all\bzyivzo6n839fup2jbap0tjew\gradle-4.1\lib\gradle-launcher-4.1.jar
Launcher Type: SUN_STANDARD

Environment Variables:
JAVA_HOME=D:\Tool\jdk1.8
PATH=C:\ProgramData\Oracle\Java\javapath;D:\°²×°°ü\xshell\;C:\Windows\system32;C:\Windows;C:\Windows\System32\Wbem;C:\Windows\System32\WindowsPowerShell\v1.0\;C:\Program Files (x86)\NVIDIA Corporation\PhysX\Common;C:\Program Files\Git\cmd;D:\Tool\jdk1.8\bin;D:\Tool\Sdk\tools\bin;D:\Tool\Sdk\platform-tools;D:\Tool\adb
USERNAME=123
OS=Windows_NT
PROCESSOR_IDENTIFIER=Intel64 Family 6 Model 158 Stepping 9, GenuineIntel



---------------  S Y S T E M  ---------------

OS: Windows 7 , 64 bit Build 7601 (6.1.7601.24384)

CPU:total 4 (initial active 4) (4 cores per cpu, 1 threads per core) family 6 model 158 stepping 9, cmov, cx8, fxsr, mmx, sse, sse2, sse3, ssse3, sse4.1, sse4.2, popcnt, avx, avx2, aes, clmul, erms, rtm, 3dnowpref, lzcnt, tsc, tscinvbit, bmi1, bmi2, adx

Memory: 4k page, physical 8346348k(68540k free), swap 33383488k(6572k free)

vm_info: Java HotSpot(TM) 64-Bit Server VM (25.152-b16) for windows-amd64 JRE (1.8.0_152-b16), built on Sep 14 2017 02:29:36 by "java_re" with MS VC++ 10.0 (VS2010)

time: Wed Nov 04 11:17:55 2020
elapsed time: 7 seconds (0d 0h 0m 7s)

