#
# There is insufficient memory for the Java Runtime Environment to continue.
# Native memory allocation (malloc) failed to allocate 2001936 bytes for Chunk::new
# Possible reasons:
#   The system is out of physical RAM or swap space
#   In 32 bit mode, the process size limit was hit
# Possible solutions:
#   Reduce memory load on the system
#   Increase physical memory or swap space
#   Check if swap backing store is full
#   Use 64 bit Java on a 64 bit OS
#   Decrease Java heap size (-Xmx/-Xms)
#   Decrease number of Java threads
#   Decrease Java thread stack sizes (-Xss)
#   Set larger code cache with -XX:ReservedCodeCacheSize=
# This output file may be truncated or incomplete.
#
#  Out of Memory Error (allocation.cpp:390), pid=23496, tid=0x0000000000005398
#
# JRE version: Java(TM) SE Runtime Environment (8.0_152-b16) (build 1.8.0_152-b16)
# Java VM: Java HotSpot(TM) 64-Bit Server VM (25.152-b16 mixed mode windows-amd64 compressed oops)
# Failed to write core dump. Minidumps are not enabled by default on client versions of Windows
#

---------------  T H R E A D  ---------------

Current thread (0x0000000055232800):  JavaThread "C2 CompilerThread1" daemon [_thread_in_native, id=21400, stack(0x0000000055a70000,0x0000000055b70000)]

Stack: [0x0000000055a70000,0x0000000055b70000]
[error occurred during error reporting (printing stack bounds), id 0xc0000005]

Native frames: (J=compiled Java code, j=interpreted, Vv=VM code, C=native code)


Current CompileTask:
C2:  11701 5682       4       java.net.URLClassLoader$1::run (5 bytes)


---------------  P R O C E S S  ---------------

Java Threads: ( => current thread )
  0x0000000057878800 JavaThread "Task worker for ':' Thread 3" [_thread_blocked, id=21788, stack(0x000000005f140000,0x000000005f240000)]
  0x0000000057878000 JavaThread "Task worker for ':' Thread 2" [_thread_blocked, id=20868, stack(0x0000000060a60000,0x0000000060b60000)]
  0x0000000057877000 JavaThread "Task worker for ':'" [_thread_blocked, id=22524, stack(0x0000000060950000,0x0000000060a50000)]
  0x0000000057876800 JavaThread "Cache worker for task history cache (E:\DtiCPE\2.6\DTI14_OPEN_CPE_V5.1\CPE1\.gradle\4.1\taskHistory)" [_thread_blocked, id=19848, stack(0x00000000607c0000,0x00000000608c0000)]
  0x0000000057875800 JavaThread "Cache worker for file content cache (E:\DtiCPE\2.6\DTI14_OPEN_CPE_V5.1\CPE1\.gradle\4.1\fileContent)" [_thread_blocked, id=20204, stack(0x00000000606a0000,0x00000000607a0000)]
  0x0000000057874800 JavaThread "Memory manager" [_thread_blocked, id=22892, stack(0x000000005f8f0000,0x000000005f9f0000)]
  0x0000000057874000 JavaThread "build operations Thread 4" [_thread_blocked, id=22876, stack(0x0000000059480000,0x0000000059580000)]
  0x0000000057873000 JavaThread "build operations Thread 3" [_thread_blocked, id=22872, stack(0x000000005ede0000,0x000000005eee0000)]
  0x0000000057872800 JavaThread "build operations Thread 2" [_thread_blocked, id=22736, stack(0x000000005c670000,0x000000005c770000)]
  0x0000000057871800 JavaThread "build operations" [_thread_blocked, id=22772, stack(0x0000000059de0000,0x0000000059ee0000)]
  0x0000000057871000 JavaThread "Cache worker for Artifact transforms cache (C:\Users\123\.gradle\caches\transforms-1)" [_thread_blocked, id=22864, stack(0x000000005b260000,0x000000005b360000)]
  0x000000005786f800 JavaThread "Cache worker for file hash cache (E:\DtiCPE\2.6\DTI14_OPEN_CPE_V5.1\CPE1\.gradle\4.1\fileHashes)" [_thread_in_native, id=22836, stack(0x0000000059820000,0x0000000059920000)]
  0x000000005786e800 JavaThread "File lock request listener" [_thread_in_native, id=22828, stack(0x0000000059f10000,0x000000005a010000)]
  0x000000005786e000 JavaThread "Cache worker for file hash cache (C:\Users\123\.gradle\caches\4.1\fileHashes)" [_thread_blocked, id=22820, stack(0x0000000056950000,0x0000000056a50000)]
  0x000000005717a800 JavaThread "Stdin handler" [_thread_blocked, id=22760, stack(0x0000000059ab0000,0x0000000059bb0000)]
  0x0000000057179000 JavaThread "Asynchronous log dispatcher for DefaultDaemonConnection: socket connection from /127.0.0.1:58351 to /127.0.0.1:58352" [_thread_blocked, id=19952, stack(0x0000000059920000,0x0000000059a20000)]
  0x000000005743a000 JavaThread "Daemon worker" [_thread_blocked, id=22740, stack(0x00000000596e0000,0x00000000597e0000)]
  0x0000000057439000 JavaThread "Cancel handler" [_thread_blocked, id=22200, stack(0x00000000595a0000,0x00000000596a0000)]
  0x00000000577f5800 JavaThread "Handler for socket connection from /127.0.0.1:58351 to /127.0.0.1:58352" [_thread_in_native, id=21592, stack(0x0000000059180000,0x0000000059280000)]
  0x0000000057236800 JavaThread "Daemon" [_thread_blocked, id=22564, stack(0x0000000055610000,0x0000000055710000)]
  0x00000000577f4800 JavaThread "Daemon periodic checks" [_thread_blocked, id=22560, stack(0x0000000058ff0000,0x00000000590f0000)]
  0x0000000057147000 JavaThread "Incoming local TCP Connector on port 58351" [_thread_in_native, id=22544, stack(0x0000000058e40000,0x0000000058f40000)]
  0x00000000573c3000 JavaThread "Daemon health stats" [_thread_blocked, id=22548, stack(0x0000000058af0000,0x0000000058bf0000)]
  0x000000005529f000 JavaThread "Service Thread" daemon [_thread_blocked, id=6792, stack(0x0000000055e60000,0x0000000055f60000)]
  0x000000005523c800 JavaThread "C1 CompilerThread2" daemon [_thread_blocked, id=13436, stack(0x0000000055cb0000,0x0000000055db0000)]
=>0x0000000055232800 JavaThread "C2 CompilerThread1" daemon [_thread_in_native, id=21400, stack(0x0000000055a70000,0x0000000055b70000)]
  0x0000000053dec800 JavaThread "C2 CompilerThread0" daemon [_thread_blocked, id=22568, stack(0x0000000054cf0000,0x0000000054df0000)]
  0x000000005521a800 JavaThread "Attach Listener" daemon [_thread_blocked, id=20804, stack(0x00000000558d0000,0x00000000559d0000)]
  0x0000000053dde800 JavaThread "Signal Dispatcher" daemon [_thread_blocked, id=22572, stack(0x0000000055740000,0x0000000055840000)]
  0x0000000053dc9800 JavaThread "Finalizer" daemon [_thread_blocked, id=22540, stack(0x0000000055110000,0x0000000055210000)]
  0x0000000053d82800 JavaThread "Reference Handler" daemon [_thread_blocked, id=23548, stack(0x0000000054f60000,0x0000000055060000)]
  0x000000000047e000 JavaThread "main" [_thread_blocked, id=23524, stack(0x0000000002800000,0x0000000002900000)]

Other Threads:
  0x0000000053d7b000 VMThread [stack: 0x0000000054e30000,0x0000000054f30000] [id=23544]
  0x0000000055269800 WatcherThread [stack: 0x0000000056050000,0x0000000056150000] [id=19244]

VM state:not at safepoint (normal execution)

VM Mutex/Monitor currently owned by a thread: None

Heap:
 PSYoungGen      total 161792K, used 42720K [0x00000000f5580000, 0x0000000100000000, 0x0000000100000000)
  eden space 148992K, 20% used [0x00000000f5580000,0x00000000f72bfae0,0x00000000fe700000)
  from space 12800K, 99% used [0x00000000fe700000,0x00000000ff3785e0,0x00000000ff380000)
  to   space 12800K, 0% used [0x00000000ff380000,0x00000000ff380000,0x0000000100000000)
 ParOldGen       total 87040K, used 21614K [0x00000000e0000000, 0x00000000e5500000, 0x00000000f5580000)
  object space 87040K, 24% used [0x00000000e0000000,0x00000000e151b908,0x00000000e5500000)
 Metaspace       used 51548K, capacity 53122K, committed 53168K, reserved 1095680K
  class space    used 7197K, capacity 7558K, committed 7600K, reserved 1048576K

Card table byte_map: [0x00000000024e0000,0x00000000025f0000] byte_map_base: 0x0000000001de0000

Marking Bits: (ParMarkBitMap*) 0x0000000064950860
 Begin Bits: [0x00000000123f0000, 0x0000000012bf0000)
 End Bits:   [0x0000000012bf0000, 0x00000000133f0000)

Polling page: 0x0000000000130000

CodeCache: size=245760Kb used=18195Kb max_used=18200Kb free=227564Kb
 bounds [0x0000000002900000, 0x0000000003ae0000, 0x0000000011900000]
 total_blobs=6270 nmethods=5511 adapters=670
 compilation: enabled

Compilation events (10 events):
Event: 11.681 Thread 0x000000005523c800 5844       1       java.security.MessageDigest::access$100 (5 bytes)
Event: 11.681 Thread 0x000000005523c800 nmethod 5844 0x0000000003acccd0 code [0x0000000003acce20, 0x0000000003accf10]
Event: 11.681 Thread 0x000000005523c800 5845       1       java.security.MessageDigest::access$200 (5 bytes)
Event: 11.681 Thread 0x000000005523c800 nmethod 5845 0x0000000003accf90 code [0x0000000003acd0e0, 0x0000000003acd1d0]
Event: 11.688 Thread 0x000000005523c800 5846       3       com.google.common.base.Objects::equal (23 bytes)
Event: 11.688 Thread 0x000000005523c800 nmethod 5846 0x0000000003acd250 code [0x0000000003acd3c0, 0x0000000003acd688]
Event: 11.688 Thread 0x000000005523c800 5847   !   3       org.gradle.cache.internal.LockOnDemandCrossProcessCacheAccess::incrementLockCount (204 bytes)
Event: 11.689 Thread 0x000000005523c800 nmethod 5847 0x0000000003acd750 code [0x0000000003acdaa0, 0x0000000003acf288]
Event: 11.698 Thread 0x000000005523c800 5848       3       org.gradle.cache.internal.DefaultFileLockManager$DefaultFileLock::assertOpen (18 bytes)
Event: 11.698 Thread 0x000000005523c800 nmethod 5848 0x0000000003ad0410 code [0x0000000003ad0580, 0x0000000003ad07e8]

GC Heap History (10 events):
Event: 5.976 GC heap before
{Heap before GC invocations=7 (full 1):
 PSYoungGen      total 71680K, used 71650K [0x00000000f5580000, 0x00000000fd480000, 0x0000000100000000)
  eden space 66560K, 100% used [0x00000000f5580000,0x00000000f9680000,0x00000000f9680000)
  from space 5120K, 99% used [0x00000000f9680000,0x00000000f9b78a90,0x00000000f9b80000)
  to   space 10752K, 0% used [0x00000000fca00000,0x00000000fca00000,0x00000000fd480000)
 ParOldGen       total 59904K, used 11103K [0x00000000e0000000, 0x00000000e3a80000, 0x00000000f5580000)
  object space 59904K, 18% used [0x00000000e0000000,0x00000000e0ad7cd8,0x00000000e3a80000)
 Metaspace       used 30783K, capacity 31446K, committed 31792K, reserved 1077248K
  class space    used 4359K, capacity 4560K, committed 4656K, reserved 1048576K
Event: 5.987 GC heap after
Heap after GC invocations=7 (full 1):
 PSYoungGen      total 117248K, used 9765K [0x00000000f5580000, 0x00000000fd480000, 0x0000000100000000)
  eden space 106496K, 0% used [0x00000000f5580000,0x00000000f5580000,0x00000000fbd80000)
  from space 10752K, 90% used [0x00000000fca00000,0x00000000fd3895f0,0x00000000fd480000)
  to   space 11776K, 0% used [0x00000000fbd80000,0x00000000fbd80000,0x00000000fc900000)
 ParOldGen       total 59904K, used 11111K [0x00000000e0000000, 0x00000000e3a80000, 0x00000000f5580000)
  object space 59904K, 18% used [0x00000000e0000000,0x00000000e0ad9cd8,0x00000000e3a80000)
 Metaspace       used 30783K, capacity 31446K, committed 31792K, reserved 1077248K
  class space    used 4359K, capacity 4560K, committed 4656K, reserved 1048576K
}
Event: 6.340 GC heap before
{Heap before GC invocations=8 (full 1):
 PSYoungGen      total 117248K, used 31473K [0x00000000f5580000, 0x00000000fd480000, 0x0000000100000000)
  eden space 106496K, 20% used [0x00000000f5580000,0x00000000f6ab2f18,0x00000000fbd80000)
  from space 10752K, 90% used [0x00000000fca00000,0x00000000fd3895f0,0x00000000fd480000)
  to   space 11776K, 0% used [0x00000000fbd80000,0x00000000fbd80000,0x00000000fc900000)
 ParOldGen       total 59904K, used 11111K [0x00000000e0000000, 0x00000000e3a80000, 0x00000000f5580000)
  object space 59904K, 18% used [0x00000000e0000000,0x00000000e0ad9cd8,0x00000000e3a80000)
 Metaspace       used 34690K, capacity 35300K, committed 35496K, reserved 1079296K
  class space    used 4866K, capacity 5124K, committed 5168K, reserved 1048576K
Event: 6.347 GC heap after
Heap after GC invocations=8 (full 1):
 PSYoungGen      total 118272K, used 8632K [0x00000000f5580000, 0x0000000100000000, 0x0000000100000000)
  eden space 106496K, 0% used [0x00000000f5580000,0x00000000f5580000,0x00000000fbd80000)
  from space 11776K, 73% used [0x00000000fbd80000,0x00000000fc5ee0b0,0x00000000fc900000)
  to   space 11776K, 0% used [0x00000000ff480000,0x00000000ff480000,0x0000000100000000)
 ParOldGen       total 59904K, used 11119K [0x00000000e0000000, 0x00000000e3a80000, 0x00000000f5580000)
  object space 59904K, 18% used [0x00000000e0000000,0x00000000e0adbcd8,0x00000000e3a80000)
 Metaspace       used 34690K, capacity 35300K, committed 35496K, reserved 1079296K
  class space    used 4866K, capacity 5124K, committed 5168K, reserved 1048576K
}
Event: 6.347 GC heap before
{Heap before GC invocations=9 (full 2):
 PSYoungGen      total 118272K, used 8632K [0x00000000f5580000, 0x0000000100000000, 0x0000000100000000)
  eden space 106496K, 0% used [0x00000000f5580000,0x00000000f5580000,0x00000000fbd80000)
  from space 11776K, 73% used [0x00000000fbd80000,0x00000000fc5ee0b0,0x00000000fc900000)
  to   space 11776K, 0% used [0x00000000ff480000,0x00000000ff480000,0x0000000100000000)
 ParOldGen       total 59904K, used 11119K [0x00000000e0000000, 0x00000000e3a80000, 0x00000000f5580000)
  object space 59904K, 18% used [0x00000000e0000000,0x00000000e0adbcd8,0x00000000e3a80000)
 Metaspace       used 34690K, capacity 35300K, committed 35496K, reserved 1079296K
  class space    used 4866K, capacity 5124K, committed 5168K, reserved 1048576K
Event: 6.396 GC heap after
Heap after GC invocations=9 (full 2):
 PSYoungGen      total 118272K, used 0K [0x00000000f5580000, 0x0000000100000000, 0x0000000100000000)
  eden space 106496K, 0% used [0x00000000f5580000,0x00000000f5580000,0x00000000fbd80000)
  from space 11776K, 0% used [0x00000000fbd80000,0x00000000fbd80000,0x00000000fc900000)
  to   space 11776K, 0% used [0x00000000ff480000,0x00000000ff480000,0x0000000100000000)
 ParOldGen       total 87040K, used 15058K [0x00000000e0000000, 0x00000000e5500000, 0x00000000f5580000)
  object space 87040K, 17% used [0x00000000e0000000,0x00000000e0eb4858,0x00000000e5500000)
 Metaspace       used 34690K, capacity 35300K, committed 35496K, reserved 1079296K
  class space    used 4866K, capacity 5124K, committed 5168K, reserved 1048576K
}
Event: 7.261 GC heap before
{Heap before GC invocations=10 (full 2):
 PSYoungGen      total 118272K, used 106496K [0x00000000f5580000, 0x0000000100000000, 0x0000000100000000)
  eden space 106496K, 100% used [0x00000000f5580000,0x00000000fbd80000,0x00000000fbd80000)
  from space 11776K, 0% used [0x00000000fbd80000,0x00000000fbd80000,0x00000000fc900000)
  to   space 11776K, 0% used [0x00000000ff480000,0x00000000ff480000,0x0000000100000000)
 ParOldGen       total 87040K, used 15058K [0x00000000e0000000, 0x00000000e5500000, 0x00000000f5580000)
  object space 87040K, 17% used [0x00000000e0000000,0x00000000e0eb4858,0x00000000e5500000)
 Metaspace       used 39691K, capacity 40492K, committed 40880K, reserved 1085440K
  class space    used 5522K, capacity 5749K, committed 5808K, reserved 1048576K
Event: 7.279 GC heap after
Heap after GC invocations=10 (full 2):
 PSYoungGen      total 160768K, used 11390K [0x00000000f5580000, 0x0000000100000000, 0x0000000100000000)
  eden space 148992K, 0% used [0x00000000f5580000,0x00000000f5580000,0x00000000fe700000)
  from space 11776K, 96% used [0x00000000ff480000,0x00000000fff9f890,0x0000000100000000)
  to   space 12800K, 0% used [0x00000000fe700000,0x00000000fe700000,0x00000000ff380000)
 ParOldGen       total 87040K, used 15066K [0x00000000e0000000, 0x00000000e5500000, 0x00000000f5580000)
  object space 87040K, 17% used [0x00000000e0000000,0x00000000e0eb6858,0x00000000e5500000)
 Metaspace       used 39691K, capacity 40492K, committed 40880K, reserved 1085440K
  class space    used 5522K, capacity 5749K, committed 5808K, reserved 1048576K
}
Event: 11.318 GC heap before
{Heap before GC invocations=11 (full 2):
 PSYoungGen      total 160768K, used 160382K [0x00000000f5580000, 0x0000000100000000, 0x0000000100000000)
  eden space 148992K, 100% used [0x00000000f5580000,0x00000000fe700000,0x00000000fe700000)
  from space 11776K, 96% used [0x00000000ff480000,0x00000000fff9f890,0x0000000100000000)
  to   space 12800K, 0% used [0x00000000fe700000,0x00000000fe700000,0x00000000ff380000)
 ParOldGen       total 87040K, used 15066K [0x00000000e0000000, 0x00000000e5500000, 0x00000000f5580000)
  object space 87040K, 17% used [0x00000000e0000000,0x00000000e0eb6858,0x00000000e5500000)
 Metaspace       used 50135K, capacity 51642K, committed 51760K, reserved 1093632K
  class space    used 6972K, capacity 7354K, committed 7472K, reserved 1048576K
Event: 11.335 GC heap after
Heap after GC invocations=11 (full 2):
 PSYoungGen      total 161792K, used 12769K [0x00000000f5580000, 0x0000000100000000, 0x0000000100000000)
  eden space 148992K, 0% used [0x00000000f5580000,0x00000000f5580000,0x00000000fe700000)
  from space 12800K, 99% used [0x00000000fe700000,0x00000000ff3785e0,0x00000000ff380000)
  to   space 12800K, 0% used [0x00000000ff380000,0x00000000ff380000,0x0000000100000000)
 ParOldGen       total 87040K, used 21614K [0x00000000e0000000, 0x00000000e5500000, 0x00000000f5580000)
  object space 87040K, 24% used [0x00000000e0000000,0x00000000e151b908,0x00000000e5500000)
 Metaspace       used 50135K, capacity 51642K, committed 51760K, reserved 1093632K
  class space    used 6972K, capacity 7354K, committed 7472K, reserved 1048576K
}

Deoptimization events (10 events):
Event: 11.378 Thread 0x000000005743a000 Uncommon trap: reason=class_check action=maybe_recompile pc=0x000000000350be38 method=com.google.common.collect.AbstractMapBasedMultimap$WrappedCollection.refreshIfEmpty()V @ 59
Event: 11.378 Thread 0x000000005743a000 Uncommon trap: reason=class_check action=maybe_recompile pc=0x000000000350be38 method=com.google.common.collect.AbstractMapBasedMultimap$WrappedCollection.refreshIfEmpty()V @ 59
Event: 11.406 Thread 0x000000005743a000 Uncommon trap: reason=unstable_if action=reinterpret pc=0x00000000035217bc method=org.objectweb.asm.MethodWriter.visitVarInsn(II)V @ 122
Event: 11.406 Thread 0x000000005743a000 Uncommon trap: reason=unstable_if action=reinterpret pc=0x0000000003a39124 method=org.objectweb.asm.MethodWriter.visitFrame(Lorg/objectweb/asm/Frame;)V @ 62
Event: 11.491 Thread 0x0000000057876800 Uncommon trap: reason=unstable_if action=reinterpret pc=0x000000000362f134 method=java.util.regex.Pattern$Curly.match0(Ljava/util/regex/Matcher;IILjava/lang/CharSequence;)Z @ 5
Event: 11.513 Thread 0x000000005743a000 Uncommon trap: reason=class_check action=maybe_recompile pc=0x00000000033dccd4 method=com.google.common.collect.ImmutableList$1.get(I)Ljava/lang/Object; @ 5
Event: 11.513 Thread 0x000000005743a000 Uncommon trap: reason=class_check action=maybe_recompile pc=0x00000000033dccd4 method=com.google.common.collect.ImmutableList$1.get(I)Ljava/lang/Object; @ 5
Event: 11.549 Thread 0x000000005743a000 Uncommon trap: reason=unstable_if action=reinterpret pc=0x0000000002ecb0d4 method=java.lang.AbstractStringBuilder.append(Ljava/lang/String;)Ljava/lang/AbstractStringBuilder; @ 1
Event: 11.573 Thread 0x000000005743a000 Uncommon trap: reason=unstable_if action=reinterpret pc=0x00000000031f10c4 method=com.esotericsoftware.kryo.io.Input.readUtf8(I)V @ 48
Event: 11.657 Thread 0x000000005743a000 Uncommon trap: reason=unstable_if action=reinterpret pc=0x0000000003281808 method=java.lang.String.regionMatches(ZILjava/lang/String;II)Z @ 102

Classes redefined (0 events):
No events

Internal exceptions (10 events):
Event: 11.364 Thread 0x000000005743a000 Exception <a 'java/lang/ClassNotFoundException': org/gradle/platform/base/BinaryContainer_ImplCustomizer> (0x00000000f5d0ae38) thrown at [C:\re\workspace\8-2-build-windows-amd64-cygwin\jdk8u152\9742\hotspot\src\share\vm\classfile\systemDictionary.cpp, lin
Event: 11.463 Thread 0x000000005743a000 Exception <a 'java/lang/NoSuchMethodError': <clinit>> (0x00000000f6694cd8) thrown at [C:\re\workspace\8-2-build-windows-amd64-cygwin\jdk8u152\9742\hotspot\src\share\vm\prims\jni.cpp, line 1613]
Event: 11.463 Thread 0x000000005743a000 Exception <a 'java/lang/NoSuchMethodError': <clinit>> (0x00000000f6697800) thrown at [C:\re\workspace\8-2-build-windows-amd64-cygwin\jdk8u152\9742\hotspot\src\share\vm\prims\jni.cpp, line 1613]
Event: 11.464 Thread 0x000000005743a000 Exception <a 'java/lang/NoSuchMethodError': <clinit>> (0x00000000f66a6a50) thrown at [C:\re\workspace\8-2-build-windows-amd64-cygwin\jdk8u152\9742\hotspot\src\share\vm\prims\jni.cpp, line 1613]
Event: 11.464 Thread 0x000000005743a000 Exception <a 'java/lang/NoSuchMethodError': <clinit>> (0x00000000f66b3fa0) thrown at [C:\re\workspace\8-2-build-windows-amd64-cygwin\jdk8u152\9742\hotspot\src\share\vm\prims\jni.cpp, line 1613]
Event: 11.474 Thread 0x000000005743a000 Exception <a 'java/lang/NoSuchMethodError': <clinit>> (0x00000000f675cb00) thrown at [C:\re\workspace\8-2-build-windows-amd64-cygwin\jdk8u152\9742\hotspot\src\share\vm\prims\jni.cpp, line 1613]
Event: 11.475 Thread 0x000000005743a000 Exception <a 'java/lang/NoSuchMethodError': <clinit>> (0x00000000f6782cc0) thrown at [C:\re\workspace\8-2-build-windows-amd64-cygwin\jdk8u152\9742\hotspot\src\share\vm\prims\jni.cpp, line 1613]
Event: 11.475 Thread 0x000000005743a000 Exception <a 'java/lang/NoSuchMethodError': <clinit>> (0x00000000f6784b28) thrown at [C:\re\workspace\8-2-build-windows-amd64-cygwin\jdk8u152\9742\hotspot\src\share\vm\prims\jni.cpp, line 1613]
Event: 11.475 Thread 0x000000005743a000 Exception <a 'java/lang/NoSuchMethodError': <clinit>> (0x00000000f6786880) thrown at [C:\re\workspace\8-2-build-windows-amd64-cygwin\jdk8u152\9742\hotspot\src\share\vm\prims\jni.cpp, line 1613]
Event: 11.549 Thread 0x000000005743a000 Implicit null exception at 0x0000000002ecab97 to 0x0000000002ecb0bd

Events (10 events):
Event: 11.681 loading class org/gradle/api/internal/changedetection/state/DefaultFileSystemSnapshotter$HashBackedSnapshot
Event: 11.681 loading class org/gradle/api/internal/changedetection/state/DefaultFileSystemSnapshotter$HashBackedSnapshot done
Event: 11.682 loading class org/gradle/api/internal/artifacts/transform/DefaultTransformedFileCache$1
Event: 11.682 loading class org/gradle/api/internal/artifacts/transform/DefaultTransformedFileCache$1 done
Event: 11.682 Executing VM operation: RevokeBias
Event: 11.682 Executing VM operation: RevokeBias done
Event: 11.682 loading class org/gradle/api/internal/artifacts/transform/DefaultTransformedFileCache$1$1
Event: 11.682 loading class org/gradle/api/internal/artifacts/transform/DefaultTransformedFileCache$1$1 done
Event: 11.688 Executing VM operation: RevokeBias
Event: 11.688 Executing VM operation: RevokeBias done


Dynamic libraries:
0x000000013f090000 - 0x000000013f0c7000 	D:\Tool\Jdk1.8\bin\java.exe
0x0000000077460000 - 0x00000000775ff000 	C:\Windows\SYSTEM32\ntdll.dll
0x0000000077240000 - 0x000000007735f000 	C:\Windows\system32\kernel32.dll
0x000007fefd220000 - 0x000007fefd28a000 	C:\Windows\system32\KERNELBASE.dll
0x000007fefd7e0000 - 0x000007fefd8bb000 	C:\Windows\system32\ADVAPI32.dll
0x000007fefd660000 - 0x000007fefd6ff000 	C:\Windows\system32\msvcrt.dll
0x000007feff730000 - 0x000007feff74f000 	C:\Windows\SYSTEM32\sechost.dll
0x000007fefee40000 - 0x000007fefef6c000 	C:\Windows\system32\RPCRT4.dll
0x0000000077360000 - 0x000000007745a000 	C:\Windows\system32\USER32.dll
0x000007fefd8c0000 - 0x000007fefd927000 	C:\Windows\system32\GDI32.dll
0x000007feff130000 - 0x000007feff13e000 	C:\Windows\system32\LPK.dll
0x000007fefed70000 - 0x000007fefee3b000 	C:\Windows\system32\USP10.dll
0x000007fefb640000 - 0x000007fefb834000 	C:\Windows\WinSxS\amd64_microsoft.windows.common-controls_6595b64144ccf1df_6.0.7601.18837_none_fa3b1e3d17594757\COMCTL32.dll
0x000007feff140000 - 0x000007feff1b1000 	C:\Windows\system32\SHLWAPI.dll
0x000007fefd7b0000 - 0x000007fefd7de000 	C:\Windows\system32\IMM32.DLL
0x000007fefefc0000 - 0x000007feff0c9000 	C:\Windows\system32\MSCTF.dll
0x0000000066de0000 - 0x0000000066eb2000 	D:\Tool\Jdk1.8\jre\bin\msvcr100.dll
0x0000000064130000 - 0x00000000649d0000 	D:\Tool\Jdk1.8\jre\bin\server\jvm.dll
0x000007fef9a20000 - 0x000007fef9a29000 	C:\Windows\system32\WSOCK32.dll
0x000007fefef70000 - 0x000007fefefbd000 	C:\Windows\system32\WS2_32.dll
0x000007fefd700000 - 0x000007fefd708000 	C:\Windows\system32\NSI.dll
0x000007fef8680000 - 0x000007fef86bb000 	C:\Windows\system32\WINMM.dll
0x000007fefcc30000 - 0x000007fefcc3c000 	C:\Windows\system32\VERSION.dll
0x0000000077600000 - 0x0000000077607000 	C:\Windows\system32\PSAPI.DLL
0x0000000066dd0000 - 0x0000000066ddf000 	D:\Tool\Jdk1.8\jre\bin\verify.dll
0x0000000066da0000 - 0x0000000066dc9000 	D:\Tool\Jdk1.8\jre\bin\java.dll
0x0000000066d80000 - 0x0000000066d96000 	D:\Tool\Jdk1.8\jre\bin\zip.dll
0x000007fefde50000 - 0x000007fefebda000 	C:\Windows\system32\SHELL32.dll
0x000007feff530000 - 0x000007feff72c000 	C:\Windows\system32\ole32.dll
0x000007fefd200000 - 0x000007fefd20f000 	C:\Windows\system32\profapi.dll
0x0000000066d60000 - 0x0000000066d7a000 	D:\Tool\jdk1.8\jre\bin\net.dll
0x000007fefc860000 - 0x000007fefc8b5000 	C:\Windows\system32\mswsock.dll
0x000007fefc850000 - 0x000007fefc857000 	C:\Windows\System32\wship6.dll
0x0000000066d40000 - 0x0000000066d51000 	D:\Tool\jdk1.8\jre\bin\nio.dll
0x000007fee9340000 - 0x000007fee935e000 	C:\Users\123\.gradle\native\25\windows-amd64\native-platform.dll
0x0000000066d30000 - 0x0000000066d3d000 	D:\Tool\jdk1.8\jre\bin\management.dll
0x000007fefc8c0000 - 0x000007fefc8d8000 	C:\Windows\system32\CRYPTSP.dll
0x000007fefc460000 - 0x000007fefc4a7000 	C:\Windows\system32\rsaenh.dll
0x000007fefd310000 - 0x000007fefd32e000 	C:\Windows\system32\USERENV.dll
0x000007fefd0a0000 - 0x000007fefd0af000 	C:\Windows\system32\CRYPTBASE.dll
0x000007fefc520000 - 0x000007fefc547000 	C:\Windows\system32\IPHLPAPI.DLL
0x000007fefc4f0000 - 0x000007fefc4fb000 	C:\Windows\system32\WINNSI.DLL
0x000007fefc4c0000 - 0x000007fefc4d1000 	C:\Windows\system32\dhcpcsvc6.DLL
0x000007fefc420000 - 0x000007fefc438000 	C:\Windows\system32\dhcpcsvc.DLL

VM Arguments:
jvm_args: -Xmx512m -Dfile.encoding=GBK -Duser.country=CN -Duser.language=zh -Duser.variant 
java_command: org.gradle.launcher.daemon.bootstrap.GradleDaemon 4.1
java_class_path (initial): C:\Users\123\.gradle\wrapper\dists\gradle-4.1-all\bzyivzo6n839fup2jbap0tjew\gradle-4.1\lib\gradle-launcher-4.1.jar
Launcher Type: SUN_STANDARD

Environment Variables:
JAVA_HOME=D:\Tool\jdk1.8
PATH=C:\ProgramData\Oracle\Java\javapath;D:\°²×°°ü\xshell\;C:\Windows\system32;C:\Windows;C:\Windows\System32\Wbem;C:\Windows\System32\WindowsPowerShell\v1.0\;C:\Program Files (x86)\NVIDIA Corporation\PhysX\Common;C:\Program Files\Git\cmd;D:\Tool\jdk1.8\bin;D:\Tool\Sdk\tools\bin;D:\Tool\Sdk\platform-tools;D:\Tool\adb
USERNAME=123
OS=Windows_NT
PROCESSOR_IDENTIFIER=Intel64 Family 6 Model 158 Stepping 9, GenuineIntel



---------------  S Y S T E M  ---------------

OS: Windows 7 , 64 bit Build 7601 (6.1.7601.24384)

CPU:total 4 (initial active 4) (4 cores per cpu, 1 threads per core) family 6 model 158 stepping 9, cmov, cx8, fxsr, mmx, sse, sse2, sse3, ssse3, sse4.1, sse4.2, popcnt, avx, avx2, aes, clmul, erms, rtm, 3dnowpref, lzcnt, tsc, tscinvbit, bmi1, bmi2, adx

Memory: 4k page, physical 8346348k(188616k free), swap 33383488k(6896k free)

vm_info: Java HotSpot(TM) 64-Bit Server VM (25.152-b16) for windows-amd64 JRE (1.8.0_152-b16), built on Sep 14 2017 02:29:36 by "java_re" with MS VC++ 10.0 (VS2010)

time: Fri Dec 25 09:48:28 2020
elapsed time: 11 seconds (0d 0h 0m 11s)

