#
# There is insufficient memory for the Java Runtime Environment to continue.
# Native memory allocation (malloc) failed to allocate 1478752 bytes for Chunk::new
# Possible reasons:
#   The system is out of physical RAM or swap space
#   In 32 bit mode, the process size limit was hit
# Possible solutions:
#   Reduce memory load on the system
#   Increase physical memory or swap space
#   Check if swap backing store is full
#   Use 64 bit Java on a 64 bit OS
#   Decrease Java heap size (-Xmx/-Xms)
#   Decrease number of Java threads
#   Decrease Java thread stack sizes (-Xss)
#   Set larger code cache with -XX:ReservedCodeCacheSize=
# This output file may be truncated or incomplete.
#
#  Out of Memory Error (allocation.cpp:390), pid=10768, tid=0x0000000000004960
#
# JRE version: Java(TM) SE Runtime Environment (8.0_152-b16) (build 1.8.0_152-b16)
# Java VM: Java HotSpot(TM) 64-Bit Server VM (25.152-b16 mixed mode windows-amd64 compressed oops)
# Failed to write core dump. Minidumps are not enabled by default on client versions of Windows
#

---------------  T H R E A D  ---------------

Current thread (0x00000000551fe000):  JavaThread "C2 CompilerThread0" daemon [_thread_in_native, id=18784, stack(0x0000000055a50000,0x0000000055b50000)]

Stack: [0x0000000055a50000,0x0000000055b50000]
[error occurred during error reporting (printing stack bounds), id 0xc0000005]

Native frames: (J=compiled Java code, j=interpreted, Vv=VM code, C=native code)


Current CompileTask:
C2: 235790 13055   !   4       lombok.javac.JavacAST::drill (145 bytes)


---------------  P R O C E S S  ---------------

Java Threads: ( => current thread )
  0x00000000588cf000 JavaThread "Cache worker for Java compile cache (E:\DtiCPE\CPE1\.gradle\4.1\javaCompile)" [_thread_blocked, id=17856, stack(0x00000000646a0000,0x00000000647a0000)]
  0x00000000588ce000 JavaThread "Task worker for ':' Thread 3" [_thread_blocked, id=3516, stack(0x00000000642c0000,0x00000000643c0000)]
  0x00000000588cd800 JavaThread "Task worker for ':' Thread 2" [_thread_blocked, id=16440, stack(0x0000000062330000,0x0000000062430000)]
  0x00000000588cc800 JavaThread "Task worker for ':'" [_thread_in_vm, id=18364, stack(0x0000000060240000,0x0000000060340000)]
  0x0000000057913000 JavaThread "Cache worker for task history cache (E:\DtiCPE\CPE1\.gradle\4.1\taskHistory)" [_thread_blocked, id=5900, stack(0x0000000060810000,0x0000000060910000)]
  0x0000000057910000 JavaThread "Cache worker for file content cache (E:\DtiCPE\CPE1\.gradle\4.1\fileContent)" [_thread_blocked, id=16476, stack(0x000000005be70000,0x000000005bf70000)]
  0x0000000057911800 JavaThread "build operations Thread 4" [_thread_blocked, id=18900, stack(0x00000000598d0000,0x00000000599d0000)]
  0x000000005790e800 JavaThread "build operations Thread 3" [_thread_blocked, id=18728, stack(0x0000000060600000,0x0000000060700000)]
  0x000000005790d800 JavaThread "build operations Thread 2" [_thread_blocked, id=4564, stack(0x000000005d010000,0x000000005d110000)]
  0x0000000057910800 JavaThread "build operations" [_thread_blocked, id=9784, stack(0x000000005ab90000,0x000000005ac90000)]
  0x0000000057912000 JavaThread "Cache worker for Artifact transforms cache (C:\Users\123\.gradle\caches\transforms-1)" [_thread_blocked, id=14364, stack(0x000000005a410000,0x000000005a510000)]
  0x0000000057909000 JavaThread "Cache worker for file hash cache (E:\DtiCPE\CPE1\.gradle\4.1\fileHashes)" [_thread_blocked, id=14820, stack(0x000000005a2c0000,0x000000005a3c0000)]
  0x000000005790c000 JavaThread "Stdin handler" [_thread_blocked, id=9180, stack(0x000000005a090000,0x000000005a190000)]
  0x000000005790b800 JavaThread "Asynchronous log dispatcher for DefaultDaemonConnection: socket connection from /127.0.0.1:51507 to /127.0.0.1:51652" [_thread_blocked, id=18456, stack(0x0000000059e90000,0x0000000059f90000)]
  0x000000005790a000 JavaThread "Daemon worker Thread 3" [_thread_blocked, id=11028, stack(0x000000005a1c0000,0x000000005a2c0000)]
  0x0000000057907800 JavaThread "Cancel handler" [_thread_blocked, id=8752, stack(0x0000000059f90000,0x000000005a090000)]
  0x000000005790a800 JavaThread "Handler for socket connection from /127.0.0.1:51507 to /127.0.0.1:51652" [_thread_in_native, id=9604, stack(0x00000000599e0000,0x0000000059ae0000)]
  0x0000000057915000 JavaThread "Daemon Thread 3" [_thread_blocked, id=6232, stack(0x0000000059d70000,0x0000000059e70000)]
  0x000000005790d000 JavaThread "Memory manager" [_thread_blocked, id=11324, stack(0x000000005d4a0000,0x000000005d5a0000)]
  0x0000000057907000 JavaThread "File lock request listener" [_thread_in_native, id=2904, stack(0x000000005aa80000,0x000000005ab80000)]
  0x0000000057906000 JavaThread "Cache worker for file hash cache (C:\Users\123\.gradle\caches\4.1\fileHashes)" [_thread_blocked, id=16336, stack(0x000000005a8b0000,0x000000005a9b0000)]
  0x0000000057adc000 JavaThread "Daemon periodic checks" [_thread_blocked, id=18068, stack(0x0000000057250000,0x0000000057350000)]
  0x00000000577c7000 JavaThread "Incoming local TCP Connector on port 51507" [_thread_in_native, id=4492, stack(0x0000000055d80000,0x0000000055e80000)]
  0x00000000578b1800 JavaThread "Daemon health stats" [_thread_blocked, id=10008, stack(0x0000000059480000,0x0000000059580000)]
  0x0000000055249800 JavaThread "Service Thread" daemon [_thread_blocked, id=17064, stack(0x0000000055e90000,0x0000000055f90000)]
  0x0000000055208000 JavaThread "C1 CompilerThread2" daemon [_thread_blocked, id=10812, stack(0x0000000055c30000,0x0000000055d30000)]
  0x0000000055204000 JavaThread "C2 CompilerThread1" daemon [_thread_in_native, id=18476, stack(0x0000000055910000,0x0000000055a10000)]
=>0x00000000551fe000 JavaThread "C2 CompilerThread0" daemon [_thread_in_native, id=18784, stack(0x0000000055a50000,0x0000000055b50000)]
  0x00000000551e8800 JavaThread "Attach Listener" daemon [_thread_blocked, id=16616, stack(0x0000000055800000,0x0000000055900000)]
  0x0000000053d70000 JavaThread "Signal Dispatcher" daemon [_thread_blocked, id=18208, stack(0x0000000055670000,0x0000000055770000)]
  0x0000000053d59800 JavaThread "Finalizer" daemon [_thread_blocked, id=13264, stack(0x00000000550e0000,0x00000000551e0000)]
  0x0000000053d12800 JavaThread "Reference Handler" daemon [_thread_blocked, id=19352, stack(0x0000000054f30000,0x0000000055030000)]
  0x00000000003fe000 JavaThread "main" [_thread_blocked, id=10940, stack(0x0000000002820000,0x0000000002920000)]

Other Threads:
  0x0000000053d0b000 VMThread [stack: 0x0000000054d80000,0x0000000054e80000] [id=5276]
  0x0000000055289000 WatcherThread [stack: 0x0000000055fd0000,0x00000000560d0000] [id=17724]

VM state:not at safepoint (normal execution)

VM Mutex/Monitor currently owned by a thread: None

Heap:
 PSYoungGen      total 146432K, used 91830K [0x00000000f5580000, 0x00000000fff80000, 0x0000000100000000)
  eden space 120832K, 62% used [0x00000000f5580000,0x00000000f9ef7be0,0x00000000fcb80000)
  from space 25600K, 64% used [0x00000000fe500000,0x00000000ff535e68,0x00000000ffe00000)
  to   space 26112K, 0% used [0x00000000fcb80000,0x00000000fcb80000,0x00000000fe500000)
 ParOldGen       total 189952K, used 76278K [0x00000000e0000000, 0x00000000eb980000, 0x00000000f5580000)
  object space 189952K, 40% used [0x00000000e0000000,0x00000000e4a7d878,0x00000000eb980000)
 Metaspace       used 70602K, capacity 73140K, committed 73392K, reserved 1112064K
  class space    used 9282K, capacity 9832K, committed 9904K, reserved 1048576K

Card table byte_map: [0x00000000025f0000,0x0000000002700000] byte_map_base: 0x0000000001ef0000

Marking Bits: (ParMarkBitMap*) 0x00000000569c0860
 Begin Bits: [0x0000000012380000, 0x0000000012b80000)
 End Bits:   [0x0000000012b80000, 0x0000000013380000)

Polling page: 0x0000000000130000

CodeCache: size=245760Kb used=35037Kb max_used=35037Kb free=210722Kb
 bounds [0x0000000002920000, 0x0000000004b90000, 0x0000000011920000]
 total_blobs=11908 nmethods=11067 adapters=752
 compilation: enabled

Compilation events (10 events):
Event: 235.709 Thread 0x0000000055208000 13268       2       java.util.concurrent.ConcurrentHashMap$Traverser::advance (188 bytes)
Event: 235.709 Thread 0x0000000055208000 nmethod 13268 0x0000000004b7b090 code [0x0000000004b7b240, 0x0000000004b7b7f8]
Event: 235.710 Thread 0x0000000055208000 13269       2       com.sun.tools.javac.code.Scope::enterIfAbsent (68 bytes)
Event: 235.711 Thread 0x0000000055208000 nmethod 13269 0x0000000004b7bb50 code [0x0000000004b7bd00, 0x0000000004b7c0f8]
Event: 235.724 Thread 0x0000000055208000 13271       2       com.sun.tools.javac.jvm.ClassReader$14::read (9 bytes)
Event: 235.724 Thread 0x0000000055208000 nmethod 13271 0x0000000004b7c490 code [0x0000000004b7c620, 0x0000000004b7c8c8]
Event: 235.724 Thread 0x0000000055208000 13272       2       com.sun.tools.javac.jvm.ClassReader::attachAnnotationDefault (33 bytes)
Event: 235.724 Thread 0x0000000055208000 nmethod 13272 0x0000000004b7cb50 code [0x0000000004b7cce0, 0x0000000004b7cfe8]
Event: 235.724 Thread 0x0000000055208000 13273       2       com.sun.tools.javac.jvm.ClassReader$AnnotationDefaultCompleter::<init> (32 bytes)
Event: 235.724 Thread 0x0000000055208000 nmethod 13273 0x0000000004b7d210 code [0x0000000004b7d380, 0x0000000004b7d568]

GC Heap History (10 events):
Event: 20.885 GC heap before
{Heap before GC invocations=18 (full 4):
 PSYoungGen      total 143872K, used 6272K [0x00000000f5580000, 0x00000000ffe80000, 0x0000000100000000)
  eden space 116736K, 0% used [0x00000000f5580000,0x00000000f5580000,0x00000000fc780000)
  from space 27136K, 23% used [0x00000000fe400000,0x00000000fea202c8,0x00000000ffe80000)
  to   space 28160K, 0% used [0x00000000fc780000,0x00000000fc780000,0x00000000fe300000)
 ParOldGen       total 147456K, used 122854K [0x00000000e0000000, 0x00000000e9000000, 0x00000000f5580000)
  object space 147456K, 83% used [0x00000000e0000000,0x00000000e77f9898,0x00000000e9000000)
 Metaspace       used 63928K, capacity 65874K, committed 66224K, reserved 1105920K
  class space    used 8575K, capacity 9045K, committed 9136K, reserved 1048576K
Event: 21.027 GC heap after
Heap after GC invocations=18 (full 4):
 PSYoungGen      total 143872K, used 0K [0x00000000f5580000, 0x00000000ffe80000, 0x0000000100000000)
  eden space 116736K, 0% used [0x00000000f5580000,0x00000000f5580000,0x00000000fc780000)
  from space 27136K, 0% used [0x00000000fe400000,0x00000000fe400000,0x00000000ffe80000)
  to   space 28160K, 0% used [0x00000000fc780000,0x00000000fc780000,0x00000000fe300000)
 ParOldGen       total 189952K, used 67693K [0x00000000e0000000, 0x00000000eb980000, 0x00000000f5580000)
  object space 189952K, 35% used [0x00000000e0000000,0x00000000e421b520,0x00000000eb980000)
 Metaspace       used 62442K, capacity 64210K, committed 66224K, reserved 1105920K
  class space    used 8384K, capacity 8822K, committed 9136K, reserved 1048576K
}
Event: 22.590 GC heap before
{Heap before GC invocations=19 (full 4):
 PSYoungGen      total 143872K, used 116736K [0x00000000f5580000, 0x00000000ffe80000, 0x0000000100000000)
  eden space 116736K, 100% used [0x00000000f5580000,0x00000000fc780000,0x00000000fc780000)
  from space 27136K, 0% used [0x00000000fe400000,0x00000000fe400000,0x00000000ffe80000)
  to   space 28160K, 0% used [0x00000000fc780000,0x00000000fc780000,0x00000000fe300000)
 ParOldGen       total 189952K, used 67693K [0x00000000e0000000, 0x00000000eb980000, 0x00000000f5580000)
  object space 189952K, 35% used [0x00000000e0000000,0x00000000e421b520,0x00000000eb980000)
 Metaspace       used 64117K, capacity 66034K, committed 66224K, reserved 1105920K
  class space    used 8594K, capacity 9028K, committed 9136K, reserved 1048576K
Event: 22.595 GC heap after
Heap after GC invocations=19 (full 4):
 PSYoungGen      total 144896K, used 3594K [0x00000000f5580000, 0x0000000100000000, 0x0000000100000000)
  eden space 116736K, 0% used [0x00000000f5580000,0x00000000f5580000,0x00000000fc780000)
  from space 28160K, 12% used [0x00000000fc780000,0x00000000fcb02a18,0x00000000fe300000)
  to   space 28160K, 0% used [0x00000000fe480000,0x00000000fe480000,0x0000000100000000)
 ParOldGen       total 189952K, used 67701K [0x00000000e0000000, 0x00000000eb980000, 0x00000000f5580000)
  object space 189952K, 35% used [0x00000000e0000000,0x00000000e421d520,0x00000000eb980000)
 Metaspace       used 64117K, capacity 66034K, committed 66224K, reserved 1105920K
  class space    used 8594K, capacity 9028K, committed 9136K, reserved 1048576K
}
Event: 23.932 GC heap before
{Heap before GC invocations=20 (full 4):
 PSYoungGen      total 144896K, used 120330K [0x00000000f5580000, 0x0000000100000000, 0x0000000100000000)
  eden space 116736K, 100% used [0x00000000f5580000,0x00000000fc780000,0x00000000fc780000)
  from space 28160K, 12% used [0x00000000fc780000,0x00000000fcb02a18,0x00000000fe300000)
  to   space 28160K, 0% used [0x00000000fe480000,0x00000000fe480000,0x0000000100000000)
 ParOldGen       total 189952K, used 67701K [0x00000000e0000000, 0x00000000eb980000, 0x00000000f5580000)
  object space 189952K, 35% used [0x00000000e0000000,0x00000000e421d520,0x00000000eb980000)
 Metaspace       used 65379K, capacity 67394K, committed 67504K, reserved 1107968K
  class space    used 8822K, capacity 9300K, committed 9392K, reserved 1048576K
Event: 23.938 GC heap after
Heap after GC invocations=20 (full 4):
 PSYoungGen      total 144384K, used 8861K [0x00000000f5580000, 0x00000000ffe00000, 0x0000000100000000)
  eden space 118272K, 0% used [0x00000000f5580000,0x00000000f5580000,0x00000000fc900000)
  from space 26112K, 33% used [0x00000000fe480000,0x00000000fed27460,0x00000000ffe00000)
  to   space 27136K, 0% used [0x00000000fc900000,0x00000000fc900000,0x00000000fe380000)
 ParOldGen       total 189952K, used 68293K [0x00000000e0000000, 0x00000000eb980000, 0x00000000f5580000)
  object space 189952K, 35% used [0x00000000e0000000,0x00000000e42b1560,0x00000000eb980000)
 Metaspace       used 65379K, capacity 67394K, committed 67504K, reserved 1107968K
  class space    used 8822K, capacity 9300K, committed 9392K, reserved 1048576K
}
Event: 234.499 GC heap before
{Heap before GC invocations=21 (full 4):
 PSYoungGen      total 144384K, used 127133K [0x00000000f5580000, 0x00000000ffe00000, 0x0000000100000000)
  eden space 118272K, 100% used [0x00000000f5580000,0x00000000fc900000,0x00000000fc900000)
  from space 26112K, 33% used [0x00000000fe480000,0x00000000fed27460,0x00000000ffe00000)
  to   space 27136K, 0% used [0x00000000fc900000,0x00000000fc900000,0x00000000fe380000)
 ParOldGen       total 189952K, used 68293K [0x00000000e0000000, 0x00000000eb980000, 0x00000000f5580000)
  object space 189952K, 35% used [0x00000000e0000000,0x00000000e42b1560,0x00000000eb980000)
 Metaspace       used 69402K, capacity 71904K, committed 72240K, reserved 1112064K
  class space    used 9134K, capacity 9659K, committed 9776K, reserved 1048576K
Event: 234.508 GC heap after
Heap after GC invocations=21 (full 4):
 PSYoungGen      total 145408K, used 9957K [0x00000000f5580000, 0x00000000ffe00000, 0x0000000100000000)
  eden space 118272K, 0% used [0x00000000f5580000,0x00000000f5580000,0x00000000fc900000)
  from space 27136K, 36% used [0x00000000fc900000,0x00000000fd2b9480,0x00000000fe380000)
  to   space 25600K, 0% used [0x00000000fe500000,0x00000000fe500000,0x00000000ffe00000)
 ParOldGen       total 189952K, used 69145K [0x00000000e0000000, 0x00000000eb980000, 0x00000000f5580000)
  object space 189952K, 36% used [0x00000000e0000000,0x00000000e4386590,0x00000000eb980000)
 Metaspace       used 69402K, capacity 71904K, committed 72240K, reserved 1112064K
  class space    used 9134K, capacity 9659K, committed 9776K, reserved 1048576K
}
Event: 235.551 GC heap before
{Heap before GC invocations=22 (full 4):
 PSYoungGen      total 145408K, used 128211K [0x00000000f5580000, 0x00000000ffe00000, 0x0000000100000000)
  eden space 118272K, 99% used [0x00000000f5580000,0x00000000fc8fbaa0,0x00000000fc900000)
  from space 27136K, 36% used [0x00000000fc900000,0x00000000fd2b9480,0x00000000fe380000)
  to   space 25600K, 0% used [0x00000000fe500000,0x00000000fe500000,0x00000000ffe00000)
 ParOldGen       total 189952K, used 69145K [0x00000000e0000000, 0x00000000eb980000, 0x00000000f5580000)
  object space 189952K, 36% used [0x00000000e0000000,0x00000000e4386590,0x00000000eb980000)
 Metaspace       used 70560K, capacity 73140K, committed 73392K, reserved 1112064K
  class space    used 9280K, capacity 9832K, committed 9904K, reserved 1048576K
Event: 235.581 GC heap after
Heap after GC invocations=22 (full 4):
 PSYoungGen      total 146432K, used 16599K [0x00000000f5580000, 0x00000000fff80000, 0x0000000100000000)
  eden space 120832K, 0% used [0x00000000f5580000,0x00000000f5580000,0x00000000fcb80000)
  from space 25600K, 64% used [0x00000000fe500000,0x00000000ff535e68,0x00000000ffe00000)
  to   space 26112K, 0% used [0x00000000fcb80000,0x00000000fcb80000,0x00000000fe500000)
 ParOldGen       total 189952K, used 76278K [0x00000000e0000000, 0x00000000eb980000, 0x00000000f5580000)
  object space 189952K, 40% used [0x00000000e0000000,0x00000000e4a7d878,0x00000000eb980000)
 Metaspace       used 70560K, capacity 73140K, committed 73392K, reserved 1112064K
  class space    used 9280K, capacity 9832K, committed 9904K, reserved 1048576K
}

Deoptimization events (10 events):
Event: 234.267 Thread 0x00000000588cc800 Uncommon trap: reason=unstable_if action=reinterpret pc=0x0000000003dde914 method=com.sun.tools.javac.parser.JavacParser.term3()Lcom/sun/tools/javac/tree/JCTree$JCExpression; @ 1633
Event: 234.508 Thread 0x0000000053d12800 Uncommon trap: reason=unstable_if action=reinterpret pc=0x0000000002f064ec method=java.lang.ref.Reference.tryHandlePending(Z)Z @ 20
Event: 235.171 Thread 0x00000000588cc800 Uncommon trap: reason=unstable_if action=reinterpret pc=0x0000000002c9076c method=com.sun.tools.javac.code.Symbol$VarSymbol.getKind()Ljavax/lang/model/element/ElementKind; @ 12
Event: 235.532 Thread 0x00000000588cc800 Uncommon trap: reason=range_check action=make_not_entrant pc=0x0000000004a9f8dc method=com.sun.tools.javac.util.Convert.utf2chars([BI[CII)I @ 25
Event: 235.585 Thread 0x00000000588cc800 Uncommon trap: reason=unstable_if action=reinterpret pc=0x0000000004aa8458 method=com.sun.tools.javac.comp.MemberEnter.initEnv(Lcom/sun/tools/javac/tree/JCTree$JCVariableDecl;Lcom/sun/tools/javac/comp/Env;)Lcom/sun/tools/javac/comp/Env; @ 90
Event: 235.628 Thread 0x00000000588cc800 Uncommon trap: reason=bimorphic action=maybe_recompile pc=0x0000000004b02b0c method=lombok.javac.JavacNode.traverse(Llombok/javac/JavacASTVisitor;)V @ 69
Event: 235.629 Thread 0x00000000588cc800 Uncommon trap: reason=bimorphic action=maybe_recompile pc=0x0000000004b02ae0 method=lombok.javac.JavacNode.traverse(Llombok/javac/JavacASTVisitor;)V @ 112
Event: 235.629 Thread 0x00000000588cc800 Uncommon trap: reason=bimorphic action=maybe_recompile pc=0x0000000004b02b24 method=lombok.javac.JavacNode.traverse(Llombok/javac/JavacASTVisitor;)V @ 198
Event: 235.629 Thread 0x00000000588cc800 Uncommon trap: reason=bimorphic action=maybe_recompile pc=0x0000000004b029b8 method=lombok.javac.JavacNode.traverse(Llombok/javac/JavacASTVisitor;)V @ 386
Event: 235.629 Thread 0x00000000588cc800 Uncommon trap: reason=bimorphic action=maybe_recompile pc=0x0000000004b029b8 method=lombok.javac.JavacNode.traverse(Llombok/javac/JavacASTVisitor;)V @ 386

Classes redefined (0 events):
No events

Internal exceptions (10 events):
Event: 232.914 Thread 0x000000005790a000 Exception <a 'sun/nio/fs/WindowsException'> (0x00000000fab47508) thrown at [C:\re\workspace\8-2-build-windows-amd64-cygwin\jdk8u152\9742\hotspot\src\share\vm\prims\jni.cpp, line 709]
Event: 232.914 Thread 0x000000005790a000 Exception <a 'sun/nio/fs/WindowsException'> (0x00000000fab480e0) thrown at [C:\re\workspace\8-2-build-windows-amd64-cygwin\jdk8u152\9742\hotspot\src\share\vm\prims\jni.cpp, line 709]
Event: 232.914 Thread 0x000000005790a000 Exception <a 'sun/nio/fs/WindowsException'> (0x00000000fab4b120) thrown at [C:\re\workspace\8-2-build-windows-amd64-cygwin\jdk8u152\9742\hotspot\src\share\vm\prims\jni.cpp, line 709]
Event: 232.914 Thread 0x000000005790a000 Exception <a 'sun/nio/fs/WindowsException'> (0x00000000fab4bbe0) thrown at [C:\re\workspace\8-2-build-windows-amd64-cygwin\jdk8u152\9742\hotspot\src\share\vm\prims\jni.cpp, line 709]
Event: 232.915 Thread 0x000000005790a000 Exception <a 'sun/nio/fs/WindowsException'> (0x00000000fab4d6e0) thrown at [C:\re\workspace\8-2-build-windows-amd64-cygwin\jdk8u152\9742\hotspot\src\share\vm\prims\jni.cpp, line 709]
Event: 232.915 Thread 0x000000005790a000 Exception <a 'sun/nio/fs/WindowsException'> (0x00000000fab4e1d8) thrown at [C:\re\workspace\8-2-build-windows-amd64-cygwin\jdk8u152\9742\hotspot\src\share\vm\prims\jni.cpp, line 709]
Event: 232.915 Thread 0x000000005790a000 Exception <a 'sun/nio/fs/WindowsException'> (0x00000000fab508b0) thrown at [C:\re\workspace\8-2-build-windows-amd64-cygwin\jdk8u152\9742\hotspot\src\share\vm\prims\jni.cpp, line 709]
Event: 232.915 Thread 0x000000005790a000 Exception <a 'sun/nio/fs/WindowsException'> (0x00000000fab513e8) thrown at [C:\re\workspace\8-2-build-windows-amd64-cygwin\jdk8u152\9742\hotspot\src\share\vm\prims\jni.cpp, line 709]
Event: 232.915 Thread 0x000000005790a000 Exception <a 'sun/nio/fs/WindowsException'> (0x00000000fab52f88) thrown at [C:\re\workspace\8-2-build-windows-amd64-cygwin\jdk8u152\9742\hotspot\src\share\vm\prims\jni.cpp, line 709]
Event: 232.915 Thread 0x000000005790a000 Exception <a 'sun/nio/fs/WindowsException'> (0x00000000fab53af8) thrown at [C:\re\workspace\8-2-build-windows-amd64-cygwin\jdk8u152\9742\hotspot\src\share\vm\prims\jni.cpp, line 709]

Events (10 events):
Event: 235.629 Thread 0x00000000588cc800 DEOPT UNPACKING pc=0x000000000296582a sp=0x000000006033c410 mode 2
Event: 235.629 Thread 0x00000000588cc800 Uncommon trap: trap_request=0xffffffc6 fr.pc=0x0000000004b029b8
Event: 235.629 Thread 0x00000000588cc800 DEOPT PACKING pc=0x0000000004b029b8 sp=0x000000006033c390
Event: 235.629 Thread 0x00000000588cc800 DEOPT UNPACKING pc=0x000000000296582a sp=0x000000006033c330 mode 2
Event: 235.669 Thread 0x00000000588cc800 DEOPT PACKING pc=0x00000000040f7570 sp=0x000000006033b9c0
Event: 235.669 Thread 0x00000000588cc800 DEOPT UNPACKING pc=0x000000000296787f sp=0x000000006033b7c0 mode 0
Event: 235.698 Thread 0x00000000588cc800 DEOPT PACKING pc=0x0000000004065f68 sp=0x000000006033c4a0
Event: 235.698 Thread 0x00000000588cc800 DEOPT UNPACKING pc=0x000000000296787f sp=0x000000006033c1a8 mode 0
Event: 235.707 Thread 0x00000000588cc800 DEOPT PACKING pc=0x00000000040a31dc sp=0x000000006033c980
Event: 235.707 Thread 0x00000000588cc800 DEOPT UNPACKING pc=0x000000000296787f sp=0x000000006033c6a8 mode 0


Dynamic libraries:
0x000000013f050000 - 0x000000013f087000 	D:\Tool\Jdk1.8\bin\java.exe
0x00000000772c0000 - 0x000000007745f000 	C:\Windows\SYSTEM32\ntdll.dll
0x00000000771a0000 - 0x00000000772bf000 	C:\Windows\system32\kernel32.dll
0x000007fefd120000 - 0x000007fefd18a000 	C:\Windows\system32\KERNELBASE.dll
0x000007feff4d0000 - 0x000007feff5ab000 	C:\Windows\system32\ADVAPI32.dll
0x000007fefeff0000 - 0x000007feff08f000 	C:\Windows\system32\msvcrt.dll
0x000007fefefa0000 - 0x000007fefefbf000 	C:\Windows\SYSTEM32\sechost.dll
0x000007fefecc0000 - 0x000007fefedec000 	C:\Windows\system32\RPCRT4.dll
0x00000000770a0000 - 0x000000007719a000 	C:\Windows\system32\USER32.dll
0x000007fefe6a0000 - 0x000007fefe707000 	C:\Windows\system32\GDI32.dll
0x000007feff2c0000 - 0x000007feff2ce000 	C:\Windows\system32\LPK.dll
0x000007fefd6f0000 - 0x000007fefd7bb000 	C:\Windows\system32\USP10.dll
0x000007fefb510000 - 0x000007fefb704000 	C:\Windows\WinSxS\amd64_microsoft.windows.common-controls_6595b64144ccf1df_6.0.7601.18837_none_fa3b1e3d17594757\COMCTL32.dll
0x000007fefd7c0000 - 0x000007fefd831000 	C:\Windows\system32\SHLWAPI.dll
0x000007fefe670000 - 0x000007fefe69e000 	C:\Windows\system32\IMM32.DLL
0x000007fefedf0000 - 0x000007fefeef9000 	C:\Windows\system32\MSCTF.dll
0x000000006c1e0000 - 0x000000006c2b2000 	D:\Tool\Jdk1.8\jre\bin\msvcr100.dll
0x00000000561a0000 - 0x0000000056a40000 	D:\Tool\Jdk1.8\jre\bin\server\jvm.dll
0x000007fefb9d0000 - 0x000007fefb9d9000 	C:\Windows\system32\WSOCK32.dll
0x000007feff270000 - 0x000007feff2bd000 	C:\Windows\system32\WS2_32.dll
0x000007fefefc0000 - 0x000007fefefc8000 	C:\Windows\system32\NSI.dll
0x000007fef90b0000 - 0x000007fef90eb000 	C:\Windows\system32\WINMM.dll
0x000007fefc2b0000 - 0x000007fefc2bc000 	C:\Windows\system32\VERSION.dll
0x0000000077470000 - 0x0000000077477000 	C:\Windows\system32\PSAPI.DLL
0x000000006c1d0000 - 0x000000006c1df000 	D:\Tool\Jdk1.8\jre\bin\verify.dll
0x000000006c1a0000 - 0x000000006c1c9000 	D:\Tool\Jdk1.8\jre\bin\java.dll
0x000000006c180000 - 0x000000006c196000 	D:\Tool\Jdk1.8\jre\bin\zip.dll
0x000007fefd840000 - 0x000007fefe5ca000 	C:\Windows\system32\SHELL32.dll
0x000007feff2d0000 - 0x000007feff4cc000 	C:\Windows\system32\ole32.dll
0x000007fefd070000 - 0x000007fefd07f000 	C:\Windows\system32\profapi.dll
0x000000006bfa0000 - 0x000000006bfba000 	D:\Tool\jdk1.8\jre\bin\net.dll
0x000007fefc7e0000 - 0x000007fefc835000 	C:\Windows\system32\mswsock.dll
0x000007fefc7d0000 - 0x000007fefc7d7000 	C:\Windows\System32\wship6.dll
0x000000006bb60000 - 0x000000006bb71000 	D:\Tool\jdk1.8\jre\bin\nio.dll
0x000007fef5e40000 - 0x000007fef5e5e000 	C:\Users\123\.gradle\native\25\windows-amd64\native-platform.dll
0x000000006bf90000 - 0x000000006bf9d000 	D:\Tool\jdk1.8\jre\bin\management.dll
0x000007fefc840000 - 0x000007fefc858000 	C:\Windows\system32\CRYPTSP.dll
0x000007fefc500000 - 0x000007fefc547000 	C:\Windows\system32\rsaenh.dll
0x000007fefd300000 - 0x000007fefd31e000 	C:\Windows\system32\USERENV.dll
0x000007fefcf00000 - 0x000007fefcf0f000 	C:\Windows\system32\CRYPTBASE.dll
0x000007fef9100000 - 0x000007fef9127000 	C:\Windows\system32\IPHLPAPI.DLL
0x000007fef90f0000 - 0x000007fef90fb000 	C:\Windows\system32\WINNSI.DLL
0x000007fef81d0000 - 0x000007fef81e1000 	C:\Windows\system32\dhcpcsvc6.DLL
0x000007fef82c0000 - 0x000007fef82d8000 	C:\Windows\system32\dhcpcsvc.DLL

VM Arguments:
jvm_args: -Xmx512m -Dfile.encoding=GBK -Duser.country=CN -Duser.language=zh -Duser.variant 
java_command: org.gradle.launcher.daemon.bootstrap.GradleDaemon 4.1
java_class_path (initial): C:\Users\123\.gradle\wrapper\dists\gradle-4.1-all\bzyivzo6n839fup2jbap0tjew\gradle-4.1\lib\gradle-launcher-4.1.jar
Launcher Type: SUN_STANDARD

Environment Variables:
JAVA_HOME=D:\Tool\jdk1.8
PATH=C:\ProgramData\Oracle\Java\javapath;D:\°²×°°ü\xshell\;C:\Windows\system32;C:\Windows;C:\Windows\System32\Wbem;C:\Windows\System32\WindowsPowerShell\v1.0\;C:\Program Files (x86)\NVIDIA Corporation\PhysX\Common;C:\Program Files\Git\cmd;D:\Tool\jdk1.8\bin;D:\Tool\Sdk\tools\bin;D:\Tool\Sdk\platform-tools;D:\Tool\adb
USERNAME=123
OS=Windows_NT
PROCESSOR_IDENTIFIER=Intel64 Family 6 Model 158 Stepping 9, GenuineIntel



---------------  S Y S T E M  ---------------

OS: Windows 7 , 64 bit Build 7601 (6.1.7601.24384)

CPU:total 4 (initial active 4) (4 cores per cpu, 1 threads per core) family 6 model 158 stepping 9, cmov, cx8, fxsr, mmx, sse, sse2, sse3, ssse3, sse4.1, sse4.2, popcnt, avx, avx2, aes, clmul, erms, rtm, 3dnowpref, lzcnt, tsc, tscinvbit, bmi1, bmi2, adx

Memory: 4k page, physical 8346348k(246700k free), swap 33383488k(5384k free)

vm_info: Java HotSpot(TM) 64-Bit Server VM (25.152-b16) for windows-amd64 JRE (1.8.0_152-b16), built on Sep 14 2017 02:29:36 by "java_re" with MS VC++ 10.0 (VS2010)

time: Wed Nov 04 11:37:50 2020
elapsed time: 235 seconds (0d 0h 3m 55s)

