#
# There is insufficient memory for the Java Runtime Environment to continue.
# Native memory allocation (malloc) failed to allocate 163776 bytes for Chunk::new
# Possible reasons:
#   The system is out of physical RAM or swap space
#   In 32 bit mode, the process size limit was hit
# Possible solutions:
#   Reduce memory load on the system
#   Increase physical memory or swap space
#   Check if swap backing store is full
#   Use 64 bit Java on a 64 bit OS
#   Decrease Java heap size (-Xmx/-Xms)
#   Decrease number of Java threads
#   Decrease Java thread stack sizes (-Xss)
#   Set larger code cache with -XX:ReservedCodeCacheSize=
# This output file may be truncated or incomplete.
#
#  Out of Memory Error (allocation.cpp:390), pid=11012, tid=0x00000000000029c8
#
# JRE version: Java(TM) SE Runtime Environment (8.0_152-b16) (build 1.8.0_152-b16)
# Java VM: Java HotSpot(TM) 64-Bit Server VM (25.152-b16 mixed mode windows-amd64 compressed oops)
# Failed to write core dump. Minidumps are not enabled by default on client versions of Windows
#

---------------  T H R E A D  ---------------

Current thread (0x0000000055005000):  JavaThread "C2 CompilerThread1" daemon [_thread_in_native, id=10696, stack(0x0000000054b20000,0x0000000054c20000)]

Stack: [0x0000000054b20000,0x0000000054c20000]
[error occurred during error reporting (printing stack bounds), id 0xc0000005]

Native frames: (J=compiled Java code, j=interpreted, Vv=VM code, C=native code)


Current CompileTask:
C2:4325402 14596       4       java.lang.AbstractStringBuilder::append (54 bytes)


---------------  P R O C E S S  ---------------

Java Threads: ( => current thread )
  0x000000005bbdf800 JavaThread "ForkJoinPool.commonPool-worker-3" daemon [_thread_blocked, id=8232, stack(0x00000000634c0000,0x00000000635c0000)]
  0x000000005bbde800 JavaThread "ForkJoinPool.commonPool-worker-2" daemon [_thread_blocked, id=19336, stack(0x00000000629f0000,0x0000000062af0000)]
  0x000000005bbde000 JavaThread "ForkJoinPool.commonPool-worker-1" daemon [_thread_blocked, id=19156, stack(0x00000000633a0000,0x00000000634a0000)]
  0x00000000563a7800 JavaThread "build operations Thread 4" [_thread_blocked, id=18156, stack(0x0000000062310000,0x0000000062410000)]
  0x00000000563a7000 JavaThread "build operations Thread 3" [_thread_blocked, id=19252, stack(0x000000005cee0000,0x000000005cfe0000)]
  0x00000000563a6000 JavaThread "build operations Thread 2" [_thread_blocked, id=17992, stack(0x000000005afb0000,0x000000005b0b0000)]
  0x00000000563a5800 JavaThread "build operations" [_thread_blocked, id=14640, stack(0x000000005ccf0000,0x000000005cdf0000)]
  0x00000000563a4000 JavaThread "Cache worker for Artifact transforms cache (C:\Users\123\.gradle\caches\transforms-1)" [_thread_blocked, id=14796, stack(0x000000005cb60000,0x000000005cc60000)]
  0x00000000563a1800 JavaThread "Cache worker for file hash cache (E:\DtiCPE\CPE1\.gradle\4.1\fileHashes)" [_thread_blocked, id=10768, stack(0x0000000059de0000,0x0000000059ee0000)]
  0x00000000563a3000 JavaThread "Stdin handler" [_thread_blocked, id=10992, stack(0x0000000057be0000,0x0000000057ce0000)]
  0x00000000577f6800 JavaThread "Asynchronous log dispatcher for DefaultDaemonConnection: socket connection from /127.0.0.1:49549 to /127.0.0.1:50512" [_thread_blocked, id=16448, stack(0x0000000058360000,0x0000000058460000)]
  0x00000000577f9800 JavaThread "Daemon worker Thread 2" [_thread_in_native, id=19184, stack(0x0000000059a20000,0x0000000059b20000)]
  0x00000000577f8800 JavaThread "Cancel handler" [_thread_blocked, id=16556, stack(0x0000000057ce0000,0x0000000057de0000)]
  0x00000000577f8000 JavaThread "Handler for socket connection from /127.0.0.1:49549 to /127.0.0.1:50512" [_thread_in_native, id=16684, stack(0x0000000058170000,0x0000000058270000)]
  0x00000000577f7000 JavaThread "Daemon Thread 2" [_thread_blocked, id=14772, stack(0x0000000058020000,0x0000000058120000)]
  0x00000000577fa000 JavaThread "Memory manager" [_thread_blocked, id=19084, stack(0x000000005e6d0000,0x000000005e7d0000)]
  0x00000000577f4000 JavaThread "File lock request listener" [_thread_in_native, id=9092, stack(0x0000000058470000,0x0000000058570000)]
  0x00000000577f3800 JavaThread "Cache worker for file hash cache (C:\Users\123\.gradle\caches\4.1\fileHashes)" [_thread_blocked, id=9932, stack(0x0000000059880000,0x0000000059980000)]
  0x0000000056ba1800 JavaThread "Daemon periodic checks" [_thread_blocked, id=5752, stack(0x00000000557f0000,0x00000000558f0000)]
  0x0000000056dae800 JavaThread "Incoming local TCP Connector on port 49549" [_thread_in_native, id=4704, stack(0x0000000055c60000,0x0000000055d60000)]
  0x0000000056d42000 JavaThread "Daemon health stats" [_thread_blocked, id=10684, stack(0x00000000578c0000,0x00000000579c0000)]
  0x0000000055062800 JavaThread "Service Thread" daemon [_thread_blocked, id=1316, stack(0x0000000055b40000,0x0000000055c40000)]
  0x0000000055009000 JavaThread "C1 CompilerThread2" daemon [_thread_blocked, id=7552, stack(0x0000000055970000,0x0000000055a70000)]
=>0x0000000055005000 JavaThread "C2 CompilerThread1" daemon [_thread_in_native, id=10696, stack(0x0000000054b20000,0x0000000054c20000)]
  0x0000000054fff000 JavaThread "C2 CompilerThread0" daemon [_thread_in_native, id=10100, stack(0x00000000556f0000,0x00000000557f0000)]
  0x0000000054fda800 JavaThread "Attach Listener" daemon [_thread_blocked, id=2484, stack(0x0000000055560000,0x0000000055660000)]
  0x0000000053b21800 JavaThread "Signal Dispatcher" daemon [_thread_blocked, id=10160, stack(0x0000000055450000,0x0000000055550000)]
  0x0000000053b09800 JavaThread "Finalizer" daemon [_thread_blocked, id=10356, stack(0x0000000054ed0000,0x0000000054fd0000)]
  0x0000000053ac2800 JavaThread "Reference Handler" daemon [_thread_blocked, id=5184, stack(0x0000000054db0000,0x0000000054eb0000)]
  0x00000000003ae000 JavaThread "main" [_thread_blocked, id=9784, stack(0x00000000026a0000,0x00000000027a0000)]

Other Threads:
  0x0000000053abb000 VMThread [stack: 0x0000000054c60000,0x0000000054d60000] [id=8084]
  0x000000005508a000 WatcherThread [stack: 0x0000000055d60000,0x0000000055e60000] [id=3408]

VM state:not at safepoint (normal execution)

VM Mutex/Monitor currently owned by a thread: None

Heap:
 PSYoungGen      total 137216K, used 83426K [0x00000000f5580000, 0x0000000100000000, 0x0000000100000000)
  eden space 98816K, 79% used [0x00000000f5580000,0x00000000fa21bf88,0x00000000fb600000)
  from space 38400K, 12% used [0x00000000fda80000,0x00000000fdf5cb68,0x0000000100000000)
  to   space 37376K, 0% used [0x00000000fb600000,0x00000000fb600000,0x00000000fda80000)
 ParOldGen       total 174592K, used 70599K [0x00000000e0000000, 0x00000000eaa80000, 0x00000000f5580000)
  object space 174592K, 40% used [0x00000000e0000000,0x00000000e44f1d10,0x00000000eaa80000)
 Metaspace       used 72771K, capacity 74972K, committed 79000K, reserved 1118208K
  class space    used 9480K, capacity 9966K, committed 10648K, reserved 1048576K

Card table byte_map: [0x0000000002400000,0x0000000002510000] byte_map_base: 0x0000000001d00000

Marking Bits: (ParMarkBitMap*) 0x0000000071360860
 Begin Bits: [0x0000000012030000, 0x0000000012830000)
 End Bits:   [0x0000000012830000, 0x0000000013030000)

Polling page: 0x0000000000330000

CodeCache: size=245760Kb used=38127Kb max_used=39369Kb free=207632Kb
 bounds [0x00000000027a0000, 0x0000000004e50000, 0x00000000117a0000]
 total_blobs=12568 nmethods=11716 adapters=763
 compilation: enabled

Compilation events (10 events):
Event: 4324.884 Thread 0x0000000055009000 14593       3       org.gradle.cache.internal.btree.CachingBlockStore::write (31 bytes)
Event: 4324.885 Thread 0x0000000055009000 nmethod 14593 0x0000000002f3d750 code [0x0000000002f3d940, 0x0000000002f3e3b8]
Event: 4324.885 Thread 0x0000000055009000 14594   !   3       org.gradle.cache.internal.btree.FileBackedBlockStore::write (29 bytes)
Event: 4324.885 Thread 0x0000000055009000 nmethod 14594 0x0000000004590b10 code [0x0000000004590ca0, 0x0000000004591118]
Event: 4324.885 Thread 0x0000000055009000 14595       3       org.gradle.cache.internal.btree.FreeListBlockStore$FreeListBlock::alloc (240 bytes)
Event: 4324.885 Thread 0x0000000055009000 nmethod 14595 0x0000000004ddeb50 code [0x0000000004ddee20, 0x0000000004de0218]
Event: 4324.960 Thread 0x0000000055005000 14596       4       java.lang.AbstractStringBuilder::append (54 bytes)
Event: 4324.963 Thread 0x0000000054fff000 14597       4       java.nio.CharBuffer::arrayOffset (35 bytes)
Event: 4324.963 Thread 0x0000000054fff000 nmethod 14597 0x0000000003cd7990 code [0x0000000003cd7ac0, 0x0000000003cd7b58]
Event: 4324.964 Thread 0x0000000054fff000 14598   !   4       sun.nio.cs.ext.DoubleByte$Encoder::encodeArrayLoop (409 bytes)

GC Heap History (10 events):
Event: 4320.700 GC heap before
{Heap before GC invocations=20 (full 3):
 PSYoungGen      total 132096K, used 132075K [0x00000000f5580000, 0x0000000100000000, 0x0000000100000000)
  eden space 115200K, 100% used [0x00000000f5580000,0x00000000fc600000,0x00000000fc600000)
  from space 16896K, 99% used [0x00000000fef80000,0x00000000ffffad48,0x0000000100000000)
  to   space 29696K, 0% used [0x00000000fc600000,0x00000000fc600000,0x00000000fe300000)
 ParOldGen       total 116736K, used 68279K [0x00000000e0000000, 0x00000000e7200000, 0x00000000f5580000)
  object space 116736K, 58% used [0x00000000e0000000,0x00000000e42adde0,0x00000000e7200000)
 Metaspace       used 75266K, capacity 78148K, committed 78488K, reserved 1118208K
  class space    used 9921K, capacity 10546K, committed 10648K, reserved 1048576K
Event: 4320.726 GC heap after
Heap after GC invocations=20 (full 3):
 PSYoungGen      total 144896K, used 29690K [0x00000000f5580000, 0x0000000100000000, 0x0000000100000000)
  eden space 115200K, 0% used [0x00000000f5580000,0x00000000f5580000,0x00000000fc600000)
  from space 29696K, 99% used [0x00000000fc600000,0x00000000fe2fe940,0x00000000fe300000)
  to   space 29696K, 0% used [0x00000000fe300000,0x00000000fe300000,0x0000000100000000)
 ParOldGen       total 116736K, used 85059K [0x00000000e0000000, 0x00000000e7200000, 0x00000000f5580000)
  object space 116736K, 72% used [0x00000000e0000000,0x00000000e5310ec8,0x00000000e7200000)
 Metaspace       used 75266K, capacity 78148K, committed 78488K, reserved 1118208K
  class space    used 9921K, capacity 10546K, committed 10648K, reserved 1048576K
}
Event: 4321.022 GC heap before
{Heap before GC invocations=21 (full 3):
 PSYoungGen      total 144896K, used 144890K [0x00000000f5580000, 0x0000000100000000, 0x0000000100000000)
  eden space 115200K, 100% used [0x00000000f5580000,0x00000000fc600000,0x00000000fc600000)
  from space 29696K, 99% used [0x00000000fc600000,0x00000000fe2fe940,0x00000000fe300000)
  to   space 29696K, 0% used [0x00000000fe300000,0x00000000fe300000,0x0000000100000000)
 ParOldGen       total 116736K, used 85059K [0x00000000e0000000, 0x00000000e7200000, 0x00000000f5580000)
  object space 116736K, 72% used [0x00000000e0000000,0x00000000e5310ec8,0x00000000e7200000)
 Metaspace       used 75783K, capacity 78724K, committed 79000K, reserved 1118208K
  class space    used 9974K, capacity 10610K, committed 10648K, reserved 1048576K
Event: 4321.081 GC heap after
Heap after GC invocations=21 (full 3):
 PSYoungGen      total 128512K, used 15798K [0x00000000f5580000, 0x0000000100000000, 0x0000000100000000)
  eden space 98816K, 0% used [0x00000000f5580000,0x00000000f5580000,0x00000000fb600000)
  from space 29696K, 53% used [0x00000000fe300000,0x00000000ff26db28,0x0000000100000000)
  to   space 37888K, 0% used [0x00000000fb600000,0x00000000fb600000,0x00000000fdb00000)
 ParOldGen       total 124928K, used 120532K [0x00000000e0000000, 0x00000000e7a00000, 0x00000000f5580000)
  object space 124928K, 96% used [0x00000000e0000000,0x00000000e75b50d0,0x00000000e7a00000)
 Metaspace       used 75783K, capacity 78724K, committed 79000K, reserved 1118208K
  class space    used 9974K, capacity 10610K, committed 10648K, reserved 1048576K
}
Event: 4321.081 GC heap before
{Heap before GC invocations=22 (full 4):
 PSYoungGen      total 128512K, used 15798K [0x00000000f5580000, 0x0000000100000000, 0x0000000100000000)
  eden space 98816K, 0% used [0x00000000f5580000,0x00000000f5580000,0x00000000fb600000)
  from space 29696K, 53% used [0x00000000fe300000,0x00000000ff26db28,0x0000000100000000)
  to   space 37888K, 0% used [0x00000000fb600000,0x00000000fb600000,0x00000000fdb00000)
 ParOldGen       total 124928K, used 120532K [0x00000000e0000000, 0x00000000e7a00000, 0x00000000f5580000)
  object space 124928K, 96% used [0x00000000e0000000,0x00000000e75b50d0,0x00000000e7a00000)
 Metaspace       used 75783K, capacity 78724K, committed 79000K, reserved 1118208K
  class space    used 9974K, capacity 10610K, committed 10648K, reserved 1048576K
Event: 4322.904 GC heap after
Heap after GC invocations=22 (full 4):
 PSYoungGen      total 128512K, used 0K [0x00000000f5580000, 0x0000000100000000, 0x0000000100000000)
  eden space 98816K, 0% used [0x00000000f5580000,0x00000000f5580000,0x00000000fb600000)
  from space 29696K, 0% used [0x00000000fe300000,0x00000000fe300000,0x0000000100000000)
  to   space 37888K, 0% used [0x00000000fb600000,0x00000000fb600000,0x00000000fdb00000)
 ParOldGen       total 174592K, used 68199K [0x00000000e0000000, 0x00000000eaa80000, 0x00000000f5580000)
  object space 174592K, 39% used [0x00000000e0000000,0x00000000e4299cb0,0x00000000eaa80000)
 Metaspace       used 70991K, capacity 73062K, committed 79000K, reserved 1118208K
  class space    used 9247K, capacity 9715K, committed 10648K, reserved 1048576K
}
Event: 4323.063 GC heap before
{Heap before GC invocations=23 (full 4):
 PSYoungGen      total 128512K, used 95911K [0x00000000f5580000, 0x0000000100000000, 0x0000000100000000)
  eden space 98816K, 97% used [0x00000000f5580000,0x00000000fb329e20,0x00000000fb600000)
  from space 29696K, 0% used [0x00000000fe300000,0x00000000fe300000,0x0000000100000000)
  to   space 37888K, 0% used [0x00000000fb600000,0x00000000fb600000,0x00000000fdb00000)
 ParOldGen       total 174592K, used 68199K [0x00000000e0000000, 0x00000000eaa80000, 0x00000000f5580000)
  object space 174592K, 39% used [0x00000000e0000000,0x00000000e4299cb0,0x00000000eaa80000)
 Metaspace       used 71016K, capacity 73062K, committed 79000K, reserved 1118208K
  class space    used 9247K, capacity 9715K, committed 10648K, reserved 1048576K
Event: 4323.068 GC heap after
Heap after GC invocations=23 (full 4):
 PSYoungGen      total 101376K, used 2496K [0x00000000f5580000, 0x0000000100000000, 0x0000000100000000)
  eden space 98816K, 0% used [0x00000000f5580000,0x00000000f5580000,0x00000000fb600000)
  from space 2560K, 97% used [0x00000000fb600000,0x00000000fb870050,0x00000000fb880000)
  to   space 38400K, 0% used [0x00000000fda80000,0x00000000fda80000,0x0000000100000000)
 ParOldGen       total 174592K, used 68207K [0x00000000e0000000, 0x00000000eaa80000, 0x00000000f5580000)
  object space 174592K, 39% used [0x00000000e0000000,0x00000000e429bcb0,0x00000000eaa80000)
 Metaspace       used 71016K, capacity 73062K, committed 79000K, reserved 1118208K
  class space    used 9247K, capacity 9715K, committed 10648K, reserved 1048576K
}
Event: 4323.939 GC heap before
{Heap before GC invocations=24 (full 4):
 PSYoungGen      total 101376K, used 101287K [0x00000000f5580000, 0x0000000100000000, 0x0000000100000000)
  eden space 98816K, 99% used [0x00000000f5580000,0x00000000fb5f9d48,0x00000000fb600000)
  from space 2560K, 97% used [0x00000000fb600000,0x00000000fb870050,0x00000000fb880000)
  to   space 38400K, 0% used [0x00000000fda80000,0x00000000fda80000,0x0000000100000000)
 ParOldGen       total 174592K, used 68207K [0x00000000e0000000, 0x00000000eaa80000, 0x00000000f5580000)
  object space 174592K, 39% used [0x00000000e0000000,0x00000000e429bcb0,0x00000000eaa80000)
 Metaspace       used 72433K, capacity 74640K, committed 79000K, reserved 1118208K
  class space    used 9422K, capacity 9904K, committed 10648K, reserved 1048576K
Event: 4323.946 GC heap after
Heap after GC invocations=24 (full 4):
 PSYoungGen      total 137216K, used 4978K [0x00000000f5580000, 0x0000000100000000, 0x0000000100000000)
  eden space 98816K, 0% used [0x00000000f5580000,0x00000000f5580000,0x00000000fb600000)
  from space 38400K, 12% used [0x00000000fda80000,0x00000000fdf5cb68,0x0000000100000000)
  to   space 37376K, 0% used [0x00000000fb600000,0x00000000fb600000,0x00000000fda80000)
 ParOldGen       total 174592K, used 70599K [0x00000000e0000000, 0x00000000eaa80000, 0x00000000f5580000)
  object space 174592K, 40% used [0x00000000e0000000,0x00000000e44f1d10,0x00000000eaa80000)
 Metaspace       used 72433K, capacity 74640K, committed 79000K, reserved 1118208K
  class space    used 9422K, capacity 9904K, committed 10648K, reserved 1048576K
}

Deoptimization events (10 events):
Event: 4324.862 Thread 0x000000005aed9800 Uncommon trap: reason=unstable_if action=reinterpret pc=0x00000000042e8b9c method=java.lang.ref.SoftReference.get()Ljava/lang/Object; @ 6
Event: 4324.901 Thread 0x000000005aed9800 Uncommon trap: reason=unloaded action=reinterpret pc=0x00000000028c47f8 method=org.gradle.internal.dispatch.ReflectionDispatch.dispatch(Lorg/gradle/internal/dispatch/MethodInvocation;)V @ 31
Event: 4324.901 Thread 0x000000005aed9800 Uncommon trap: reason=unloaded action=reinterpret pc=0x00000000040135bc method=org.gradle.internal.event.AbstractBroadcastDispatch.dispatch(Lorg/gradle/internal/dispatch/MethodInvocation;Ljava/util/Iterator;)V @ 118
Event: 4324.904 Thread 0x000000005aed9800 Uncommon trap: reason=unstable_if action=reinterpret pc=0x0000000003622b04 method=java.util.regex.Matcher.appendReplacement(Ljava/lang/StringBuffer;Ljava/lang/String;)Ljava/util/regex/Matcher; @ 96
Event: 4324.905 Thread 0x000000005aed9800 Uncommon trap: reason=unloaded action=reinterpret pc=0x000000000401357c method=org.gradle.internal.event.AbstractBroadcastDispatch.dispatch(Lorg/gradle/internal/dispatch/MethodInvocation;Ljava/util/Iterator;)V @ 39
Event: 4324.905 Thread 0x000000005aed9800 Uncommon trap: reason=unloaded action=reinterpret pc=0x000000000401357c method=org.gradle.internal.event.AbstractBroadcastDispatch.dispatch(Lorg/gradle/internal/dispatch/MethodInvocation;Ljava/util/Iterator;)V @ 39
Event: 4324.907 Thread 0x00000000577f9800 Uncommon trap: reason=unstable_if action=reinterpret pc=0x000000000354cd78 method=java.lang.ref.SoftReference.get()Ljava/lang/Object; @ 6
Event: 4324.961 Thread 0x00000000577f9800 Uncommon trap: reason=bimorphic action=maybe_recompile pc=0x0000000003d0094c method=org.gradle.internal.logging.text.AbstractStyledTextOutput.text(Ljava/lang/Object;)Lorg/gradle/internal/logging/text/StyledTextOutput; @ 11
Event: 4324.963 Thread 0x00000000577f9800 Uncommon trap: reason=class_check action=maybe_recompile pc=0x0000000003b0e064 method=org.gradle.internal.logging.sink.OutputEventRenderer$4.onOutput(Lorg/gradle/internal/logging/events/OutputEvent;)V @ 11
Event: 4324.963 Thread 0x00000000577f9800 Uncommon trap: reason=class_check action=maybe_recompile pc=0x0000000003b0e064 method=org.gradle.internal.logging.sink.OutputEventRenderer$4.onOutput(Lorg/gradle/internal/logging/events/OutputEvent;)V @ 11

Classes redefined (0 events):
No events

Internal exceptions (10 events):
Event: 4320.016 Thread 0x000000005aed9800 Exception <a 'sun/nio/fs/WindowsException'> (0x00000000faabe4b0) thrown at [C:\re\workspace\8-2-build-windows-amd64-cygwin\jdk8u152\9742\hotspot\src\share\vm\prims\jni.cpp, line 709]
Event: 4320.853 Thread 0x000000005bbde000 Implicit null exception at 0x0000000003630740 to 0x00000000036309f9
Event: 4323.259 Thread 0x000000005aed9800 Implicit null exception at 0x0000000002df2970 to 0x0000000002df2ddd
Event: 4324.029 Thread 0x000000005bbde800 Exception <a 'java/lang/NoSuchMethodError': java.lang.Object.lambda$comparing$ea9a8b3a$1(Ljava/util/Comparator;Ljava/util/function/Function;Ljava/lang/Object;Ljava/lang/Object;)I> (0x00000000f61500e8) thrown at [C:\re\workspace\8-2-build-windows-amd64-cyg
Event: 4324.821 Thread 0x000000005bbde800 Exception <a 'java/lang/OutOfMemoryError'> (0x00000000f9f473d0) thrown at [C:\re\workspace\8-2-build-windows-amd64-cygwin\jdk8u152\9742\hotspot\src\share\vm\prims\jni.cpp, line 735]
Event: 4324.859 Thread 0x000000005aed9800 Exception <a 'java/lang/reflect/InvocationTargetException'> (0x00000000f9fec1a8) thrown at [C:\re\workspace\8-2-build-windows-amd64-cygwin\jdk8u152\9742\hotspot\src\share\vm\runtime\reflection.cpp, line 1092]
Event: 4324.862 Thread 0x000000005aed9800 Implicit null exception at 0x00000000042e5391 to 0x00000000042e8b8d
Event: 4324.864 Thread 0x000000005aed9800 Exception <a 'java/lang/OutOfMemoryError'> (0x00000000f9ffe2c8) thrown at [C:\re\workspace\8-2-build-windows-amd64-cygwin\jdk8u152\9742\hotspot\src\share\vm\prims\jni.cpp, line 735]
Event: 4324.901 Thread 0x000000005aed9800 Exception <a 'java/lang/OutOfMemoryError'> (0x00000000f9ffe2c8) thrown at [C:\re\workspace\8-2-build-windows-amd64-cygwin\jdk8u152\9742\hotspot\src\share\vm\prims\jvm.cpp, line 1394]
Event: 4324.907 Thread 0x00000000577f9800 Implicit null exception at 0x000000000354c7f3 to 0x000000000354cd59

Events (10 events):
Event: 4324.963 Thread 0x00000000577f9800 Uncommon trap: trap_request=0xffffffde fr.pc=0x0000000003b0e064
Event: 4324.963 Thread 0x00000000577f9800 DEOPT PACKING pc=0x0000000003b0e064 sp=0x0000000059b1c770
Event: 4324.963 Thread 0x00000000577f9800 DEOPT UNPACKING pc=0x00000000027e582a sp=0x0000000059b1c6c8 mode 2
Event: 4324.963 Thread 0x00000000577f9800 Uncommon trap: trap_request=0xffffffde fr.pc=0x0000000003b0e064
Event: 4324.963 Thread 0x00000000577f9800 DEOPT PACKING pc=0x0000000003b0e064 sp=0x0000000059b1c770
Event: 4324.963 Thread 0x00000000577f9800 DEOPT UNPACKING pc=0x00000000027e582a sp=0x0000000059b1c6c8 mode 2
Event: 4324.963 loading class org/gradle/internal/buildevents/BuildExceptionReporter$2
Event: 4324.963 loading class org/gradle/internal/buildevents/BuildExceptionReporter$2 done
Event: 4324.964 Executing VM operation: RevokeBias
Event: 4324.964 Executing VM operation: RevokeBias done


Dynamic libraries:
0x000000013f4d0000 - 0x000000013f507000 	D:\Tool\Jdk1.8\bin\java.exe
0x00000000772c0000 - 0x000000007745f000 	C:\Windows\SYSTEM32\ntdll.dll
0x00000000771a0000 - 0x00000000772bf000 	C:\Windows\system32\kernel32.dll
0x000007fefd120000 - 0x000007fefd18a000 	C:\Windows\system32\KERNELBASE.dll
0x000007feff4d0000 - 0x000007feff5ab000 	C:\Windows\system32\ADVAPI32.dll
0x000007fefeff0000 - 0x000007feff08f000 	C:\Windows\system32\msvcrt.dll
0x000007fefefa0000 - 0x000007fefefbf000 	C:\Windows\SYSTEM32\sechost.dll
0x000007fefecc0000 - 0x000007fefedec000 	C:\Windows\system32\RPCRT4.dll
0x00000000770a0000 - 0x000000007719a000 	C:\Windows\system32\USER32.dll
0x000007fefe6a0000 - 0x000007fefe707000 	C:\Windows\system32\GDI32.dll
0x000007feff2c0000 - 0x000007feff2ce000 	C:\Windows\system32\LPK.dll
0x000007fefd6f0000 - 0x000007fefd7bb000 	C:\Windows\system32\USP10.dll
0x000007fefb510000 - 0x000007fefb704000 	C:\Windows\WinSxS\amd64_microsoft.windows.common-controls_6595b64144ccf1df_6.0.7601.18837_none_fa3b1e3d17594757\COMCTL32.dll
0x000007fefd7c0000 - 0x000007fefd831000 	C:\Windows\system32\SHLWAPI.dll
0x000007fefe670000 - 0x000007fefe69e000 	C:\Windows\system32\IMM32.DLL
0x000007fefedf0000 - 0x000007fefeef9000 	C:\Windows\system32\MSCTF.dll
0x000000006b8d0000 - 0x000000006b9a2000 	D:\Tool\Jdk1.8\jre\bin\msvcr100.dll
0x0000000070b40000 - 0x00000000713e0000 	D:\Tool\Jdk1.8\jre\bin\server\jvm.dll
0x000007fefb9d0000 - 0x000007fefb9d9000 	C:\Windows\system32\WSOCK32.dll
0x000007feff270000 - 0x000007feff2bd000 	C:\Windows\system32\WS2_32.dll
0x000007fefefc0000 - 0x000007fefefc8000 	C:\Windows\system32\NSI.dll
0x000007fef90b0000 - 0x000007fef90eb000 	C:\Windows\system32\WINMM.dll
0x000007fefc2b0000 - 0x000007fefc2bc000 	C:\Windows\system32\VERSION.dll
0x0000000077470000 - 0x0000000077477000 	C:\Windows\system32\PSAPI.DLL
0x000000006c560000 - 0x000000006c56f000 	D:\Tool\Jdk1.8\jre\bin\verify.dll
0x000000006b8a0000 - 0x000000006b8c9000 	D:\Tool\Jdk1.8\jre\bin\java.dll
0x000000006b030000 - 0x000000006b046000 	D:\Tool\Jdk1.8\jre\bin\zip.dll
0x000007fefd840000 - 0x000007fefe5ca000 	C:\Windows\system32\SHELL32.dll
0x000007feff2d0000 - 0x000007feff4cc000 	C:\Windows\system32\ole32.dll
0x000007fefd070000 - 0x000007fefd07f000 	C:\Windows\system32\profapi.dll
0x000000006b010000 - 0x000000006b02a000 	D:\Tool\jdk1.8\jre\bin\net.dll
0x000007fefc7e0000 - 0x000007fefc835000 	C:\Windows\system32\mswsock.dll
0x000007fefc7d0000 - 0x000007fefc7d7000 	C:\Windows\System32\wship6.dll
0x000000006aff0000 - 0x000000006b001000 	D:\Tool\jdk1.8\jre\bin\nio.dll
0x000007fef5e40000 - 0x000007fef5e5e000 	C:\Users\123\.gradle\native\25\windows-amd64\native-platform.dll
0x000000006c450000 - 0x000000006c45d000 	D:\Tool\jdk1.8\jre\bin\management.dll
0x000007fefc840000 - 0x000007fefc858000 	C:\Windows\system32\CRYPTSP.dll
0x000007fefc500000 - 0x000007fefc547000 	C:\Windows\system32\rsaenh.dll
0x000007fefd300000 - 0x000007fefd31e000 	C:\Windows\system32\USERENV.dll
0x000007fefcf00000 - 0x000007fefcf0f000 	C:\Windows\system32\CRYPTBASE.dll
0x000007fef9100000 - 0x000007fef9127000 	C:\Windows\system32\IPHLPAPI.DLL
0x000007fef90f0000 - 0x000007fef90fb000 	C:\Windows\system32\WINNSI.DLL
0x000007fef81d0000 - 0x000007fef81e1000 	C:\Windows\system32\dhcpcsvc6.DLL
0x000007fef82c0000 - 0x000007fef82d8000 	C:\Windows\system32\dhcpcsvc.DLL

VM Arguments:
jvm_args: -Xmx512m -Dfile.encoding=GBK -Duser.country=CN -Duser.language=zh -Duser.variant 
java_command: org.gradle.launcher.daemon.bootstrap.GradleDaemon 4.1
java_class_path (initial): C:\Users\123\.gradle\wrapper\dists\gradle-4.1-all\bzyivzo6n839fup2jbap0tjew\gradle-4.1\lib\gradle-launcher-4.1.jar
Launcher Type: SUN_STANDARD

Environment Variables:
JAVA_HOME=D:\Tool\jdk1.8
PATH=C:\ProgramData\Oracle\Java\javapath;D:\°²×°°ü\xshell\;C:\Windows\system32;C:\Windows;C:\Windows\System32\Wbem;C:\Windows\System32\WindowsPowerShell\v1.0\;C:\Program Files (x86)\NVIDIA Corporation\PhysX\Common;C:\Program Files\Git\cmd;D:\Tool\jdk1.8\bin;D:\Tool\Sdk\tools\bin;D:\Tool\Sdk\platform-tools;D:\Tool\adb
USERNAME=123
OS=Windows_NT
PROCESSOR_IDENTIFIER=Intel64 Family 6 Model 158 Stepping 9, GenuineIntel



---------------  S Y S T E M  ---------------

OS: Windows 7 , 64 bit Build 7601 (6.1.7601.24384)

CPU:total 4 (initial active 4) (4 cores per cpu, 1 threads per core) family 6 model 158 stepping 9, cmov, cx8, fxsr, mmx, sse, sse2, sse3, ssse3, sse4.1, sse4.2, popcnt, avx, avx2, aes, clmul, erms, rtm, 3dnowpref, lzcnt, tsc, tscinvbit, bmi1, bmi2, adx

Memory: 4k page, physical 8346348k(322868k free), swap 33383488k(4348k free)

vm_info: Java HotSpot(TM) 64-Bit Server VM (25.152-b16) for windows-amd64 JRE (1.8.0_152-b16), built on Sep 14 2017 02:29:36 by "java_re" with MS VC++ 10.0 (VS2010)

time: Wed Nov 04 11:16:56 2020
elapsed time: 4325 seconds (0d 1h 12m 5s)

