JvmtiExport can_access_local_variables 0
JvmtiExport can_hotswap_or_post_breakpoint 0
JvmtiExport can_post_on_exceptions 0
# 370 ciObject found
instanceKlass lombok/bytecode/ClassFileMetaData
instanceKlass lombok/bytecode/SneakyThrowsRemover
instanceKlass org/objectweb/asm/ClassVisitor
instanceKlass lombok/bytecode/PreventNullAnalysisRemover
instanceKlass lombok/core/PostCompilerTransformation
instanceKlass lombok/core/PostCompiler
instanceKlass lombok/javac/apt/InterceptingJavaFileObject
instanceKlass lombok/javac/apt/EmptyLombokFileObject
instanceKlass lombok/javac/handlers/HandleSneakyThrows$1
instanceKlass lombok/AllArgsConstructor$AnyAnnotation
instanceKlass lombok/NoArgsConstructor$AnyAnnotation
instanceKlass lombok/javac/handlers/HandleToString$1
instanceKlass lombok/javac/handlers/JavacHandlerUtil$GetterMethod
instanceKlass lombok/javac/handlers/HandleEqualsAndHashCode$1
instanceKlass lombok/EqualsAndHashCode$AnyAnnotation
instanceKlass lombok/javac/handlers/HandleSetter$1
instanceKlass lombok/javac/handlers/JavacHandlerUtil$CopyJavadoc_8$1
instanceKlass lombok/javac/handlers/JavacHandlerUtil$CopyJavadoc_8
instanceKlass lombok/javac/handlers/HandleGetter$1
instanceKlass lombok/javac/handlers/JavacHandlerUtil$ClassSymbolMembersField
instanceKlass lombok/javac/handlers/JavacHandlerUtil$3
instanceKlass lombok/javac/handlers/HandleConstructor
instanceKlass lombok/core/AnnotationValues$1
instanceKlass lombok/delombok/FormatPreferences
instanceKlass lombok/delombok/LombokOptionsFactory
instanceKlass lombok/experimental/FieldDefaults
instanceKlass lombok/experimental/Value
instanceKlass lombok/core/handlers/HandlerUtil
instanceKlass lombok/core/AnnotationValues
instanceKlass lombok/core/AnnotationValues$AnnotationValue
instanceKlass lombok/javac/handlers/JavacHandlerUtil
instanceKlass lombok/core/FieldAugment
instanceKlass lombok/javac/JavacAugments
instanceKlass lombok/core/TypeResolver
instanceKlass lombok/core/configuration/ConfigurationSource$Result
instanceKlass lombok/core/configuration/StringConfigurationSource$1
instanceKlass lombok/core/configuration/ConfigurationParser
instanceKlass lombok/core/configuration/ConfigurationParser$Collector
instanceKlass lombok/core/configuration/StringConfigurationSource
instanceKlass lombok/core/configuration/ConfigurationSource
instanceKlass lombok/core/configuration/FileSystemSourceCache$Content
instanceKlass lombok/core/configuration/FileSystemSourceCache$1$1
instanceKlass lombok/core/configuration/FileSystemSourceCache$1
instanceKlass lombok/core/configuration/ConfigurationProblemReporter$1
instanceKlass lombok/core/configuration/ConfigurationProblemReporter
instanceKlass lombok/core/configuration/BubblingConfigurationResolver
instanceKlass lombok/core/LombokConfiguration$3
instanceKlass lombok/core/configuration/FileSystemSourceCache
instanceKlass lombok/core/LombokConfiguration$1
instanceKlass lombok/core/configuration/ConfigurationResolver
instanceKlass lombok/core/configuration/ConfigurationResolverFactory
instanceKlass lombok/core/LombokConfiguration
instanceKlass lombok/javac/JavacNode$1
instanceKlass lombok/core/LombokImmutableList$1
instanceKlass lombok/core/LombokImmutableList
instanceKlass lombok/javac/JavacAST$1
instanceKlass lombok/core/AST$FieldAccess
instanceKlass lombok/javac/JavacImportList
instanceKlass lombok/javac/JavacAST$PackageName
instanceKlass lombok/core/ImportList
instanceKlass lombok/core/AST
instanceKlass lombok/javac/HandlerLibrary$VisitorContainer
instanceKlass lombok/javac/JavacASTAdapter
instanceKlass lombok/experimental/Wither
instanceKlass lombok/Value
instanceKlass lombok/experimental/UtilityClass
instanceKlass lombok/ToString
instanceKlass lombok/Synchronized
instanceKlass lombok/SneakyThrows
instanceKlass lombok/Setter
instanceKlass lombok/core/PrintAST
instanceKlass lombok/NonNull
instanceKlass lombok/extern/slf4j/XSlf4j
instanceKlass lombok/extern/slf4j/Slf4j
instanceKlass lombok/extern/log4j/Log4j
instanceKlass lombok/extern/log4j/Log4j2
instanceKlass lombok/extern/java/Log
instanceKlass lombok/extern/apachecommons/CommonsLog
instanceKlass lombok/experimental/Helper
instanceKlass lombok/Getter
instanceKlass lombok/javac/JavacTreeMaker$MethodId
instanceKlass lombok/javac/JavacTreeMaker
instanceKlass lombok/javac/JavacTreeMaker$SchroedingerType
instanceKlass lombok/javac/Javac
instanceKlass lombok/experimental/ExtensionMethod
instanceKlass lombok/EqualsAndHashCode
instanceKlass lombok/experimental/Delegate
instanceKlass lombok/Data
instanceKlass lombok/RequiredArgsConstructor
instanceKlass lombok/NoArgsConstructor
instanceKlass lombok/AllArgsConstructor
instanceKlass lombok/Cleanup
instanceKlass lombok/Builder
instanceKlass lombok/core/LombokInternalAliasing
instanceKlass lombok/javac/ResolutionResetNeeded
instanceKlass lombok/core/HandlerPriority
instanceKlass lombok/javac/HandlerLibrary$AnnotationHandlerContainer
instanceKlass lombok/experimental/Accessors
instanceKlass lombok/javac/JavacAnnotationHandler
instanceKlass lombok/core/SpiLoadUtil$1$1
instanceKlass lombok/core/SpiLoadUtil$1
instanceKlass lombok/core/SpiLoadUtil
instanceKlass lombok/core/configuration/ConfigurationKeysLoader
instanceKlass lombok/core/configuration/ConfigurationDataType$7
instanceKlass lombok/core/configuration/ConfigurationDataType$6
instanceKlass lombok/core/configuration/TypeName
instanceKlass lombok/core/configuration/ConfigurationDataType$5
instanceKlass lombok/core/configuration/ConfigurationDataType$4
instanceKlass lombok/core/configuration/ConfigurationDataType$3
instanceKlass lombok/core/configuration/ConfigurationDataType$2
instanceKlass lombok/core/configuration/ConfigurationDataType$1
instanceKlass lombok/core/configuration/ConfigurationValueParser
instanceKlass lombok/core/configuration/ConfigurationDataType
instanceKlass lombok/core/configuration/ConfigurationKey
instanceKlass lombok/ConfigurationKeys
instanceKlass lombok/core/configuration/ConfigurationKeysLoader$LoaderLoader
instanceKlass lombok/core/TypeLibrary
instanceKlass lombok/core/LombokNode
instanceKlass lombok/javac/HandlerLibrary
instanceKlass lombok/javac/JavacASTVisitor
instanceKlass lombok/javac/JavacTransformer
instanceKlass lombok/javac/apt/LombokFileObject
instanceKlass lombok/javac/apt/LombokFileObjects
instanceKlass lombok/javac/apt/MessagerDiagnosticsReceiver
instanceKlass lombok/core/DiagnosticsReceiver
instanceKlass lombok/core/AnnotationProcessor$ProcessorDescriptor
instanceKlass lombok/launch/Main
instanceKlass org/gradle/internal/typeconversion/NotationConverterToNotationParserAdapter$1
instanceKlass com/android/apksig/internal/zip/LocalFileRecord$1
instanceKlass com/android/apksig/DefaultApkSignerEngine$1
instanceKlass java/util/ArrayDeque$1
instanceKlass com/google/common/hash/MessageDigestHashFunction$1
instanceKlass org/gradle/internal/component/external/model/AbstractModuleComponentResolveMetadata$1
instanceKlass com/google/common/base/Equivalence$1
instanceKlass com/android/dx/dex/file/MethodAnnotationStruct
instanceKlass org/gradle/cache/internal/btree/FileBackedBlockStore$1
instanceKlass sun/security/jca/GetInstance$1
instanceKlass com/google/common/cache/LocalCache$WriteThroughEntry
instanceKlass com/android/build/gradle/tasks/PackageAndroidArtifact$$Lambda$413
instanceKlass com/android/apksig/ApkVerifier$ByteArray
instanceKlass com/android/apksig/ApkVerifier$Result$V1SchemeSignerInfo
instanceKlass com/android/apksig/ApkVerifier$IssueWithParams
instanceKlass com/android/apksig/internal/apk/v1/V1SchemeVerifier$NamedDigest
instanceKlass com/android/apksig/internal/util/ByteBufferUtils
instanceKlass com/android/apksig/internal/asn1/Asn1BerParser$BerToJavaConverter
instanceKlass com/android/apksig/internal/asn1/Asn1BerParser$$Lambda$412
instanceKlass com/android/apksig/internal/asn1/Asn1BerParser$AnnotatedField
instanceKlass com/android/apksig/internal/asn1/Asn1BerParser$1
instanceKlass com/android/apksig/internal/asn1/ber/BerDataValue
instanceKlass com/android/apksig/internal/asn1/ber/ByteBufferBerDataValueReader
instanceKlass com/android/apksig/internal/asn1/ber/BerDataValueReader
instanceKlass com/android/apksig/internal/asn1/Asn1BerParser
instanceKlass com/android/apksig/internal/util/InclusiveIntRange
instanceKlass com/android/apksig/internal/apk/v1/V1SchemeVerifier$Signer
instanceKlass com/android/apksig/internal/apk/v1/V1SchemeVerifier$Result$SignerInfo
instanceKlass sun/nio/cs/UTF_8$1
instanceKlass com/android/apksig/internal/jar/ManifestParser$Section
instanceKlass com/android/apksig/internal/jar/ManifestParser$Attribute
instanceKlass com/android/apksig/internal/jar/ManifestParser
instanceKlass com/android/apksig/internal/apk/v1/V1SchemeVerifier$Signers
instanceKlass com/android/apksig/internal/apk/v1/V1SchemeVerifier$Result
instanceKlass com/android/apksig/internal/apk/AndroidBinXmlParser$Attribute
instanceKlass com/android/apksig/internal/apk/AndroidBinXmlParser$ResourceMap
instanceKlass com/android/apksig/internal/apk/AndroidBinXmlParser$StringPool
instanceKlass com/android/apksig/internal/apk/AndroidBinXmlParser$Chunk
instanceKlass com/android/apksig/internal/apk/AndroidBinXmlParser
instanceKlass com/android/apksig/internal/zip/LocalFileRecord$InflateSinkAdapter
instanceKlass com/android/apksig/internal/util/ByteBufferSink
instanceKlass com/android/apksig/internal/zip/LocalFileRecord
instanceKlass com/android/apksig/ApkSigner
instanceKlass com/android/apksig/internal/zip/CentralDirectoryRecord$ByLocalFileHeaderOffsetComparator
instanceKlass com/android/apksig/internal/zip/CentralDirectoryRecord
instanceKlass com/android/apksig/internal/apk/v1/V1SchemeVerifier
instanceKlass com/android/apksig/ApkVerifier$Result$V2SchemeSignerInfo
instanceKlass com/android/apksig/internal/apk/v2/V2SchemeVerifier$Result$SignerInfo$ContentDigest
instanceKlass com/android/apksig/internal/apk/v2/V2SchemeVerifier$SupportedSignature
instanceKlass com/android/apksig/internal/apk/v2/V2SchemeVerifier$Result$SignerInfo$Signature
instanceKlass com/android/apksig/internal/apk/v2/V2SchemeVerifier$Result$SignerInfo
instanceKlass com/android/apksig/internal/apk/v2/V2SchemeVerifier$SignatureInfo
instanceKlass com/android/apksig/internal/apk/v2/V2SchemeVerifier$Result
instanceKlass com/android/apksig/internal/apk/v2/V2SchemeVerifier
instanceKlass com/android/apksig/ApkVerifier$Result
instanceKlass com/android/apksig/apk/ApkUtils$ZipSections
instanceKlass sun/nio/cs/US_ASCII$1
instanceKlass com/google/common/base/Predicates$IsEqualToPredicate
instanceKlass com/android/build/gradle/tasks/PackageAndroidArtifact$$Lambda$411
instanceKlass com/android/build/gradle/internal/tasks/IncrementalTask$$Lambda$410
instanceKlass com/android/build/gradle/internal/tasks/IncrementalTask$$Lambda$409
instanceKlass com/android/build/gradle/internal/ExtraModelInfo$1
instanceKlass com/android/ide/common/blame/parser/util/OutputLineReader
instanceKlass com/android/dex/Dex$1
instanceKlass com/android/dx/io/CodeReader$1
instanceKlass com/android/dx/io/OpcodeInfo$Info
instanceKlass com/android/dx/io/OpcodeInfo
instanceKlass com/android/dx/io/instructions/AddressMap
instanceKlass com/android/dx/io/instructions/BaseCodeCursor
instanceKlass com/android/dx/io/instructions/CodeInput
instanceKlass com/android/dx/io/instructions/DecodedInstruction
instanceKlass com/android/dex/Code
instanceKlass com/android/dex/Code$CatchHandler
instanceKlass com/android/dex/Code$Try
instanceKlass com/android/dex/ClassData
instanceKlass com/android/dex/ClassData$Method
instanceKlass com/android/dex/ClassData$Field
instanceKlass com/android/dx/merge/SortableType$1
instanceKlass com/android/dex/ClassDef
instanceKlass com/android/dex/Dex$ClassDefIterator
instanceKlass com/android/dex/Dex$ClassDefIterable
instanceKlass com/android/dx/merge/SortableType
instanceKlass com/android/dex/util/ByteArrayByteInput
instanceKlass com/android/dx/merge/IndexMap$EncodedValueTransformer
instanceKlass com/android/dex/EncodedValue
instanceKlass com/android/dex/Annotation
instanceKlass com/android/dex/EncodedValueReader
instanceKlass com/android/dex/MethodId
instanceKlass com/android/dex/FieldId
instanceKlass com/android/dex/ProtoId
instanceKlass com/android/dex/util/Unsigned
instanceKlass com/android/dx/merge/DexMerger$IdMerger$UnsortedValue
instanceKlass com/android/dex/TypeList
instanceKlass com/android/dex/Mutf8
instanceKlass com/android/dx/merge/DexMerger$IdMerger
instanceKlass com/android/dx/merge/InstructionTransformer$CallSiteVisitor
instanceKlass com/android/dx/merge/InstructionTransformer$MethodAndProtoVisitor
instanceKlass com/android/dx/merge/InstructionTransformer$MethodVisitor
instanceKlass com/android/dx/merge/InstructionTransformer$FieldVisitor
instanceKlass com/android/dx/merge/InstructionTransformer$TypeVisitor
instanceKlass com/android/dx/merge/InstructionTransformer$StringVisitor
instanceKlass com/android/dx/merge/InstructionTransformer$GenericVisitor
instanceKlass com/android/dx/io/CodeReader
instanceKlass com/android/dx/io/instructions/CodeOutput
instanceKlass com/android/dx/io/instructions/CodeCursor
instanceKlass com/android/dx/io/CodeReader$Visitor
instanceKlass com/android/dx/merge/InstructionTransformer
instanceKlass com/android/dx/merge/IndexMap
instanceKlass com/android/dx/merge/DexMerger$WriterSizes
instanceKlass com/android/dx/merge/DexMerger
instanceKlass com/android/builder/dexing/DexArchiveMergerCallable
instanceKlass java/util/stream/ReduceOps$5ReducingSink
instanceKlass java/util/stream/IntPipeline$$Lambda$408
instanceKlass java/util/function/IntBinaryOperator
instanceKlass com/android/builder/dexing/DxDexArchiveMerger$$Lambda$407
instanceKlass com/android/dex/Dex$Section
instanceKlass com/android/dex/util/ByteInput
instanceKlass com/android/dex/TableOfContents$Section
instanceKlass com/android/dex/TableOfContents
instanceKlass com/android/dex/Dex
instanceKlass com/android/builder/dexing/DexArchiveEntry
instanceKlass com/android/builder/dexing/DxDexArchiveMerger$$Lambda$406
instanceKlass java/lang/invoke/LambdaForm$MH
instanceKlass com/android/builder/dexing/DxDexArchiveMerger$$Lambda$405
instanceKlass com/android/builder/dexing/DxDexArchiveMerger$1
instanceKlass com/android/builder/dexing/ReferenceCountMergingStrategy
instanceKlass com/android/builder/dexing/DexMergingStrategy
instanceKlass com/android/builder/dexing/DxDexArchiveMerger
instanceKlass com/android/builder/dexing/DexArchiveMerger
instanceKlass com/android/build/gradle/internal/transforms/DexMergerTransformCallable$1
instanceKlass com/android/build/gradle/internal/transforms/DexMergerTransform$$Lambda$404
instanceKlass com/android/build/gradle/internal/transforms/DexMergerTransform$$Lambda$403
instanceKlass com/android/build/gradle/internal/transforms/DexMergerTransform$$Lambda$402
instanceKlass com/android/build/gradle/internal/transforms/DexMergerTransform$$Lambda$401
instanceKlass com/android/build/gradle/internal/transforms/DexMergerTransform$$Lambda$400
instanceKlass com/android/build/gradle/internal/transforms/DexMergerTransform$$Lambda$399
instanceKlass com/android/build/gradle/internal/transforms/DexMergerTransform$$Lambda$398
instanceKlass com/android/build/gradle/internal/transforms/TransformInputUtil
instanceKlass com/android/dx/dex/code/CatchTable$Entry
instanceKlass com/android/dx/dex/code/CatchHandlerList$Entry
instanceKlass com/android/dx/rop/code/RegisterSpecList$Expander
instanceKlass com/android/dx/dex/file/CatchStructs
instanceKlass com/android/dx/ssa/back/FirstFitLocalCombiningAllocator$Multiset
instanceKlass java/util/zip/Adler32
instanceKlass com/android/dx/dex/file/AnnotationItem$1
instanceKlass com/android/dex/DexFormat
instanceKlass com/android/dx/ssa/PhiInsn$Operand
instanceKlass com/android/dex/EncodedValueCodec
instanceKlass com/android/dx/dex/file/DebugInfoEncoder$2
instanceKlass com/android/dx/dex/file/DebugInfoEncoder$1
instanceKlass com/android/dx/util/ByteArrayAnnotatedOutput
instanceKlass com/android/dx/dex/file/DebugInfoEncoder
instanceKlass com/android/dx/dex/code/LocalList$Entry
instanceKlass com/android/dx/dex/code/LocalList$MakeState
instanceKlass com/android/dx/dex/code/PositionList$Entry
instanceKlass com/android/dx/dex/file/CodeItem$1
instanceKlass com/android/dx/dex/file/MixedItemSection$2
instanceKlass com/android/dex/Leb128
instanceKlass com/android/dx/cf/code/Ropper$ExceptionHandlerSetup
instanceKlass com/android/dx/dex/code/DalvCode
instanceKlass com/android/dx/dex/code/StdCatchBuilder
instanceKlass com/android/dx/dex/code/RopToDop
instanceKlass com/android/dx/dex/code/OutputFinisher
instanceKlass com/android/dx/dex/code/OutputCollector
instanceKlass com/android/dx/rop/code/Insn$BaseVisitor
instanceKlass com/android/dx/io/Opcodes
instanceKlass com/android/dx/dex/code/InsnFormat
instanceKlass com/android/dx/dex/code/Dop
instanceKlass com/android/dx/dex/code/Dops
instanceKlass com/android/dx/dex/code/BlockAddresses
instanceKlass com/android/dx/dex/code/CatchBuilder
instanceKlass com/android/dx/dex/code/DalvInsn
instanceKlass com/android/dx/dex/code/RopTranslator$TranslationVisitor
instanceKlass com/android/dx/dex/code/RopTranslator
instanceKlass com/android/dx/rop/code/LocalVariableExtractor
instanceKlass com/android/dx/ssa/back/IdenticalBlockCombiner
instanceKlass com/android/dx/ssa/back/SsaToRop$1
instanceKlass com/android/dx/ssa/back/SsaToRop$PhiVisitor
instanceKlass com/android/dx/ssa/back/FirstFitLocalCombiningAllocator$1
instanceKlass com/android/dx/ssa/back/LivenessAnalyzer$1
instanceKlass com/android/dx/ssa/back/InterferenceGraph
instanceKlass com/android/dx/ssa/back/LivenessAnalyzer
instanceKlass com/android/dx/ssa/back/RegisterAllocator
instanceKlass com/android/dx/ssa/back/SsaToRop
instanceKlass com/android/dx/ssa/PhiTypeResolver
instanceKlass com/android/dx/ssa/ConstCollector$1
instanceKlass com/android/dx/ssa/ConstCollector
instanceKlass com/android/dx/ssa/LiteralOpUpgrader$1
instanceKlass com/android/dx/ssa/LiteralOpUpgrader
instanceKlass com/android/dx/ssa/DeadCodeRemover$NoSideEffectVisitor
instanceKlass com/android/dx/ssa/SsaMethod$1
instanceKlass com/android/dx/ssa/DeadCodeRemover
instanceKlass com/android/dx/ssa/SsaMethod$2
instanceKlass com/android/dx/ssa/SCCP
instanceKlass com/android/dx/ssa/MoveParamCombiner$1
instanceKlass com/android/dx/ssa/MoveParamCombiner
instanceKlass com/android/dx/ssa/SsaRenamer$BlockRenamer$1
instanceKlass com/android/dx/ssa/RegisterMapper
instanceKlass com/android/dx/ssa/PhiInsn$Visitor
instanceKlass com/android/dx/ssa/SsaRenamer$BlockRenamer
instanceKlass com/android/dx/ssa/SsaRenamer$1
instanceKlass com/android/dx/ssa/SsaRenamer
instanceKlass com/android/dx/util/BitIntSet$1
instanceKlass com/android/dx/util/IntIterator
instanceKlass com/android/dx/util/BitIntSet
instanceKlass com/android/dx/util/IntSet
instanceKlass com/android/dx/ssa/SetFactory
instanceKlass com/android/dx/ssa/Dominators$DfsWalker
instanceKlass com/android/dx/ssa/Dominators$DFSInfo
instanceKlass com/android/dx/ssa/SsaBasicBlock$Visitor
instanceKlass com/android/dx/ssa/Dominators
instanceKlass com/android/dx/ssa/DomFront$DomInfo
instanceKlass com/android/dx/ssa/DomFront
instanceKlass com/android/dx/ssa/LocalVariableExtractor
instanceKlass com/android/dx/ssa/SsaBasicBlock$LabelComparator
instanceKlass com/android/dx/ssa/SsaBasicBlock
instanceKlass com/android/dx/rop/code/BasicBlockList$RegCountVisitor
instanceKlass com/android/dx/ssa/SsaInsn
instanceKlass com/android/dx/ssa/SsaInsn$Visitor
instanceKlass com/android/dx/ssa/SsaMethod
instanceKlass com/android/dx/ssa/SsaConverter
instanceKlass com/android/dx/ssa/Optimizer
instanceKlass com/android/dx/rop/code/RopMethod
instanceKlass com/android/dx/rop/code/Insn$Visitor
instanceKlass com/android/dx/cf/code/Merger
instanceKlass com/android/dx/rop/code/BasicBlock
instanceKlass com/android/dx/rop/code/Exceptions
instanceKlass com/android/dx/rop/code/Rop
instanceKlass com/android/dx/rop/code/Rops
instanceKlass com/android/dx/rop/code/LocalItem
instanceKlass com/android/dx/rop/code/SourcePosition
instanceKlass com/android/dx/cf/code/Ropper$LabelAllocator
instanceKlass com/android/dx/cf/code/Ropper$CatchInfo
instanceKlass com/android/dx/cf/code/Ropper$Subroutine
instanceKlass com/android/dx/cf/code/Frame
instanceKlass com/android/dx/cf/code/Simulator$SimVisitor
instanceKlass com/android/dx/cf/code/Simulator
instanceKlass com/android/dx/cf/code/BaseMachine
instanceKlass com/android/dx/cf/code/ByteBlock
instanceKlass com/android/dx/util/LabeledItem
instanceKlass com/android/dx/cf/code/ByteOps
instanceKlass com/android/dx/util/Bits
instanceKlass com/android/dx/cf/code/BasicBlocker
instanceKlass com/android/dx/rop/code/BasicBlock$Visitor
instanceKlass com/android/dx/rop/code/Insn
instanceKlass com/android/dx/cf/code/Machine
instanceKlass com/android/dx/cf/code/Ropper
instanceKlass com/android/dx/rop/code/DexTranslationAdvice
instanceKlass com/android/dx/cf/code/ConcreteMethod
instanceKlass com/android/dx/dex/file/EncodedMember
instanceKlass com/android/dx/dex/file/ValueEncoder
instanceKlass com/android/dx/dex/file/AnnotationItem$TypeIdSorter
instanceKlass com/android/dx/rop/annotation/NameValuePair
instanceKlass com/android/dx/dex/file/AnnotationUtils
instanceKlass com/android/dx/dex/cf/AttributeTranslator
instanceKlass com/android/dx/dex/code/DalvCode$AssignIndicesCallback
instanceKlass com/android/dx/rop/code/TranslationAdvice
instanceKlass com/android/dx/dex/cf/CfTranslator
instanceKlass com/android/dx/dex/file/MixedItemSection$1
instanceKlass com/android/dx/dex/file/Section
instanceKlass com/android/dx/util/AnnotatedOutput
instanceKlass com/android/dx/util/Output
instanceKlass com/android/dex/util/ByteOutput
instanceKlass com/android/dx/dex/file/Item
instanceKlass com/android/dx/dex/file/DexFile
instanceKlass com/android/dx/cf/attrib/InnerClassList$Item
instanceKlass com/android/dx/cf/code/ByteCatchList$Item
instanceKlass com/android/dx/util/Hex
instanceKlass com/android/dx/rop/code/AccessFlags
instanceKlass com/android/dx/cf/code/LocalVariableList$Item
instanceKlass com/android/dx/cf/code/LineNumberList$Item
instanceKlass com/android/dx/cf/code/BytecodeArray$BaseVisitor
instanceKlass com/android/dx/cf/code/BytecodeArray
instanceKlass com/android/dx/cf/iface/Method
instanceKlass com/android/dx/cf/attrib/BaseAttribute
instanceKlass com/android/dx/cf/direct/DirectClassFile$DcfTypeList
instanceKlass com/android/dx/cf/iface/StdMember
instanceKlass com/android/dx/cf/direct/AttributeListParser
instanceKlass com/android/dx/cf/iface/Field
instanceKlass com/android/dx/cf/iface/Member
instanceKlass com/android/dx/cf/direct/MemberListParser
instanceKlass com/android/dx/util/MutabilityControl
instanceKlass com/google/common/io/CharStreams
instanceKlass com/android/dx/cf/cst/ConstantPoolParser
instanceKlass com/android/dx/cf/code/BytecodeArray$Visitor
instanceKlass com/android/dx/cf/iface/Attribute
instanceKlass com/android/dx/rop/type/TypeList
instanceKlass com/android/dx/cf/iface/MethodList
instanceKlass com/android/dx/cf/iface/FieldList
instanceKlass com/android/dx/cf/iface/AttributeList
instanceKlass com/android/dx/rop/cst/ConstantPool
instanceKlass com/android/dx/cf/direct/DirectClassFile
instanceKlass com/android/dx/cf/iface/ClassFile
instanceKlass com/android/dx/cf/iface/HasAttribute
instanceKlass com/android/dx/util/ByteArray
instanceKlass com/android/builder/dexing/DirDexArchive
instanceKlass com/android/builder/dexing/DexArchives$$Lambda$397
instanceKlass com/android/builder/dexing/DexArchive
instanceKlass com/android/builder/dexing/DexArchives
instanceKlass com/android/dx/dex/file/DexFile$Storage
instanceKlass com/android/utils/PathUtils
instanceKlass com/android/builder/dexing/FileBasedClassFileEntry
instanceKlass sun/nio/fs/WindowsUriSupport
instanceKlass com/android/builder/dexing/DirectoryBasedClassFileInput$$Lambda$395
instanceKlass com/android/builder/dexing/DirectoryBasedClassFileInput$$Lambda$392
instanceKlass java/nio/file/Files$$Lambda$389
instanceKlass java/nio/file/Files$$Lambda$385
instanceKlass java/nio/file/FileTreeIterator
instanceKlass com/android/builder/dexing/ClassFileInput$$Lambda$384
instanceKlass com/android/builder/dexing/ClassFileEntry
instanceKlass com/android/builder/dexing/DirectoryBasedClassFileInput
instanceKlass sun/nio/fs/WindowsFileSystem$2
instanceKlass java/nio/file/PathMatcher
instanceKlass sun/nio/fs/Globs
instanceKlass com/android/builder/dexing/ClassFileInput
instanceKlass com/android/builder/dexing/ClassFileInputs
instanceKlass java/util/function/Predicate$$Lambda$381
instanceKlass com/android/build/gradle/internal/transforms/DexArchiveBuilderTransform$$Lambda$378
instanceKlass com/android/build/gradle/internal/transforms/DexArchiveBuilderTransform$$Lambda$375
instanceKlass java/lang/invoke/LambdaForm$DMH
instanceKlass com/android/builder/dexing/DexArchiveBuilder
instanceKlass com/android/dx/dex/cf/CfOptions
instanceKlass com/android/dx/dex/DexOptions
instanceKlass com/android/builder/dexing/DexArchiveBuilderConfig
instanceKlass com/android/dx/dex/cf/OptimizerOptions
instanceKlass com/android/dx/dex/cf/CodeStatistics
instanceKlass com/android/dx/command/dexer/DxContext
instanceKlass com/android/build/gradle/internal/transforms/DexArchiveBuilderTransform$1
instanceKlass com/android/ide/common/process/BaseProcessOutputHandler$BaseProcessOutput
instanceKlass com/android/ide/common/blame/parser/DexParser
instanceKlass com/android/ide/common/blame/parser/ToolOutputParser
instanceKlass com/android/ide/common/process/BaseProcessOutputHandler
instanceKlass com/android/build/gradle/internal/transforms/DexArchiveBuilderTransform$$Lambda$374
instanceKlass com/android/build/gradle/internal/transforms/DexArchiveBuilderTransform$DexConversionParameters
instanceKlass com/android/build/gradle/internal/pipeline/TransformInvocationBuilder$1
instanceKlass com/android/build/gradle/internal/pipeline/TransformOutputProviderImpl
instanceKlass com/android/build/api/transform/TransformInvocation
instanceKlass com/android/build/gradle/internal/pipeline/TransformInvocationBuilder
instanceKlass com/android/build/gradle/internal/pipeline/TransformTask$2
instanceKlass com/android/build/api/transform/JarInput
instanceKlass com/android/build/gradle/internal/pipeline/TransformTask$$Lambda$373
instanceKlass com/android/build/gradle/internal/pipeline/ImmutableTransformInput
instanceKlass com/android/build/api/transform/DirectoryInput
instanceKlass com/android/build/gradle/internal/pipeline/OriginalStream$$Lambda$372
instanceKlass com/android/build/gradle/internal/pipeline/OriginalStream$$Lambda$371
instanceKlass com/android/build/gradle/internal/pipeline/QualifiedContentImpl
instanceKlass org/gradle/api/internal/artifacts/result/DefaultResolvedVariantResult
instanceKlass org/gradle/api/artifacts/result/ResolvedVariantResult
instanceKlass org/gradle/api/internal/artifacts/result/DefaultResolvedArtifactResult
instanceKlass org/gradle/api/internal/artifacts/ivyservice/ResolvedArtifactCollectingVisitor
instanceKlass com/android/build/gradle/internal/pipeline/TransformTask$$Lambda$370
instanceKlass java/util/stream/StreamSpliterators$WrappingSpliterator$$Lambda$369
instanceKlass java/util/function/BooleanSupplier
instanceKlass java/util/stream/StreamSpliterators$WrappingSpliterator$$Lambda$368
instanceKlass java/util/Spliterators$1Adapter
instanceKlass com/android/build/gradle/internal/pipeline/TransformTask$$Lambda$367
instanceKlass com/android/build/gradle/internal/pipeline/TransformTask$$Lambda$366
instanceKlass com/android/build/gradle/internal/pipeline/TransformTask$$Lambda$365
instanceKlass com/android/build/gradle/internal/pipeline/TransformTask$1
instanceKlass com/android/tools/build/gradle/internal/profile/GradleTransformExecutionType$1
instanceKlass com/android/ide/common/util/ReferenceHolder
instanceKlass org/gradle/api/internal/tasks/compile/incremental/jar/JarClasspathSnapshot
instanceKlass org/gradle/api/internal/tasks/compile/incremental/jar/JarClasspathSnapshotData
instanceKlass org/gradle/api/internal/tasks/compile/incremental/deps/DependencyToAll
instanceKlass org/gradle/api/internal/tasks/compile/incremental/jar/JarSnapshotData
instanceKlass org/gradle/api/internal/tasks/compile/incremental/jar/DefaultJarSnapshotCache$1
instanceKlass org/gradle/api/internal/tasks/compile/incremental/jar/JarSnapshot
instanceKlass org/gradle/api/internal/tasks/compile/incremental/jar/CachingJarSnapshotter$1
instanceKlass org/gradle/api/internal/file/archive/ZipFileTree
instanceKlass org/gradle/api/internal/file/collections/FileSystemMirroringFileTree
instanceKlass org/gradle/api/internal/tasks/compile/incremental/jar/JarArchive
instanceKlass com/google/common/collect/AbstractMapBasedMultimap$KeySet$1
instanceKlass org/gradle/api/internal/tasks/compile/incremental/deps/DefaultDependentsSet
instanceKlass org/gradle/api/internal/tasks/compile/incremental/deps/ClassSetAnalysisData
instanceKlass org/gradle/api/internal/tasks/compile/incremental/asm/ClassRelevancyFilter
instanceKlass org/gradle/api/internal/tasks/compile/incremental/deps/ClassAnalysis
instanceKlass org/gradle/api/internal/tasks/compile/incremental/analyzer/CachingClassDependenciesAnalyzer$1
instanceKlass org/gradle/api/internal/tasks/compile/incremental/deps/ClassDependentsAccumulator
instanceKlass org/gradle/api/internal/tasks/compile/incremental/analyzer/ClassFilesAnalyzer
instanceKlass org/gradle/api/internal/tasks/compile/incremental/RecompilationNotNecessary
instanceKlass org/gradle/api/internal/tasks/SimpleWorkResult
instanceKlass com/sun/tools/javac/util/AbstractDiagnosticFormatter$2
instanceKlass com/sun/tools/javac/util/RichDiagnosticFormatter$ClassNameSimplifier
instanceKlass com/sun/tools/javac/util/Log$2
instanceKlass com/sun/tools/javac/code/Kinds
instanceKlass com/sun/tools/javac/comp/Infer$IncorporationBinaryOp
instanceKlass com/sun/tools/javac/code/Type$UndetVar$2
instanceKlass com/sun/tools/javac/comp/Infer$MultiUndetVarListener
instanceKlass com/sun/tools/javac/comp/Infer$BoundFilter
instanceKlass com/sun/tools/javac/comp/Infer$InferenceContext$2
instanceKlass com/sun/tools/javac/comp/Check$2
instanceKlass com/sun/tools/javac/code/Type$UndetVar$UndetVarListener
instanceKlass com/sun/tools/javac/code/Types$TypePair
instanceKlass com/sun/tools/javac/jvm/ClassFile$NameAndType
instanceKlass com/sun/tools/javac/jvm/ClassWriter$1
instanceKlass javax/tools/StandardLocation$2
instanceKlass com/sun/tools/javac/jvm/Code$Chain
instanceKlass com/sun/tools/javac/jvm/ClassWriter$StackMapTableFrame
instanceKlass com/sun/tools/javac/jvm/Code$StackMapFrame
instanceKlass com/sun/tools/javac/code/Types$UniqueType
instanceKlass com/sun/tools/javac/model/FilteredMemberList$1
instanceKlass com/sun/tools/javac/jvm/Code$LocalVar$Range
instanceKlass com/sun/tools/javac/jvm/Items
instanceKlass com/sun/tools/javac/jvm/Code$LocalVar
instanceKlass com/sun/tools/javac/jvm/Code$State
instanceKlass com/sun/tools/javac/jvm/Gen$GenContext
instanceKlass com/sun/tools/javac/jvm/Gen$3
instanceKlass com/sun/tools/javac/comp/Lower$7
instanceKlass com/sun/tools/javac/comp/Flow$2
instanceKlass com/sun/tools/javac/util/Bits$1
instanceKlass com/sun/tools/javac/util/Bits
instanceKlass com/sun/tools/javac/comp/Flow$BaseAnalyzer$PendingExit
instanceKlass com/sun/tools/javac/comp/Resolve$MostSpecificCheck
instanceKlass com/sun/tools/javac/comp/Resolve$MethodCheckContext
instanceKlass com/sun/tools/javac/code/Flags
instanceKlass com/sun/tools/javac/code/Types$MembersClosureCache$MembersScope$1
instanceKlass com/sun/tools/javac/code/Scope$CompoundScope$CompoundScopeIterator
instanceKlass com/sun/tools/javac/code/Scope$CompoundScope$2
instanceKlass com/sun/tools/javac/comp/Check$ClashFilter
instanceKlass com/sun/tools/javac/main/JavaCompiler$2
instanceKlass com/sun/tools/javac/processing/JavacFiler$1
instanceKlass javax/tools/ForwardingFileObject
instanceKlass com/sun/tools/javac/code/TypeTag$1
instanceKlass com/sun/tools/javac/tree/Pretty$1
instanceKlass com/sun/tools/javac/tree/TreeMaker$1
instanceKlass java/util/IdentityHashMap$EntryIterator$Entry
instanceKlass java/util/IdentityHashMap$IdentityHashMapIterator
instanceKlass javax/annotation/processing/SupportedOptions
instanceKlass javax/annotation/processing/SupportedAnnotationTypes
instanceKlass com/sun/tools/javac/code/Source$1
instanceKlass com/sun/source/util/DocTreePath
instanceKlass com/sun/tools/javac/api/JavacScope
instanceKlass com/sun/source/util/TreePath
instanceKlass com/sun/source/util/DocSourcePositions
instanceKlass com/sun/source/doctree/DocTreeVisitor
instanceKlass com/sun/source/doctree/DocCommentTree
instanceKlass com/sun/source/doctree/DocTree
instanceKlass com/sun/source/tree/Scope
instanceKlass com/sun/source/util/SourcePositions
instanceKlass com/sun/source/util/Trees
instanceKlass javax/lang/model/type/TypeVisitor
instanceKlass javax/tools/ForwardingJavaFileManager
instanceKlass java/util/WeakHashMap$HashIterator
instanceKlass java/net/URLEncoder
instanceKlass java/net/URLDecoder
instanceKlass javax/annotation/processing/AbstractProcessor
instanceKlass com/sun/tools/javac/processing/JavacProcessingEnvironment$ProcessorState
instanceKlass com/sun/tools/javac/processing/JavacRoundEnvironment
instanceKlass javax/lang/model/util/AbstractElementVisitor6
instanceKlass javax/lang/model/element/ElementVisitor
instanceKlass com/sun/tools/javac/processing/JavacProcessingEnvironment$Round
instanceKlass com/sun/tools/javac/code/Types$ImplementationCache$Entry
instanceKlass com/sun/tools/javac/comp/Resolve$MethodResolutionContext$Candidate
instanceKlass com/sun/tools/javac/code/Scope$4$1
instanceKlass com/sun/tools/javac/code/Scope$4
instanceKlass com/sun/tools/javac/comp/Resolve$LookupFilter
instanceKlass com/sun/tools/javac/comp/Resolve$5$1
instanceKlass com/sun/tools/javac/comp/Resolve$5
instanceKlass com/sun/tools/javac/comp/Resolve$MethodResolutionContext
instanceKlass com/sun/tools/javac/comp/Annotate$AnnotateRepeatedContext
instanceKlass com/sun/tools/javac/code/Types$27
instanceKlass com/sun/tools/javac/comp/Check$7
instanceKlass com/sun/tools/javac/comp/MemberEnter$6
instanceKlass com/sun/tools/javac/comp/MemberEnter$5
instanceKlass com/sun/tools/javac/code/SymbolMetadata
instanceKlass com/sun/tools/javac/util/Pair
instanceKlass com/sun/tools/javac/code/Scope$1
instanceKlass com/sun/tools/javac/code/Symbol$VarSymbol$2
instanceKlass com/sun/tools/javac/jvm/ClassReader$AnnotationDeproxy
instanceKlass com/sun/tools/javac/jvm/ClassReader$ProxyVisitor
instanceKlass com/sun/tools/javac/jvm/Code$1
instanceKlass com/sun/tools/javac/jvm/Code
instanceKlass com/sun/tools/javac/comp/Attr$15
instanceKlass com/sun/tools/javac/jvm/ClassReader$25
instanceKlass com/sun/tools/javac/comp/AttrContext
instanceKlass com/sun/tools/javac/file/ZipFileIndex$Entry
instanceKlass com/sun/tools/javac/file/ZipFileIndex$DirectoryEntry
instanceKlass com/sun/tools/javac/file/ZipFileIndex$ZipDirectory
instanceKlass com/sun/tools/javac/file/ZipFileIndex
instanceKlass com/sun/tools/javac/file/ZipFileIndexArchive
instanceKlass com/sun/tools/javac/util/Position$LineMapImpl
instanceKlass com/sun/tools/javac/util/Position$LineMap
instanceKlass com/sun/tools/javac/util/Position
instanceKlass com/sun/tools/javac/parser/LazyDocCommentTable$Entry
instanceKlass com/sun/tools/javac/tree/TreeInfo$2
instanceKlass com/sun/tools/javac/parser/JavacParser$2
instanceKlass com/sun/tools/javac/parser/JavaTokenizer$BasicComment
instanceKlass com/sun/tools/javac/util/IntHashTable
instanceKlass com/sun/tools/javac/parser/LazyDocCommentTable
instanceKlass com/sun/tools/javac/parser/JavaTokenizer$1
instanceKlass com/sun/tools/javac/util/ArrayUtils
instanceKlass com/sun/tools/javac/parser/JavacParser$1
instanceKlass com/sun/tools/javac/parser/JavacParser$AbstractEndPosTable
instanceKlass com/sun/tools/javac/tree/DocCommentTable
instanceKlass com/sun/tools/javac/parser/JavacParser$ErrorRecoveryAction
instanceKlass com/sun/tools/javac/tree/EndPosTable
instanceKlass com/sun/tools/javac/parser/JavacParser
instanceKlass com/sun/tools/javac/parser/UnicodeReader
instanceKlass sun/misc/FloatingDecimal$HexFloatPattern
instanceKlass com/sun/tools/javac/parser/Tokens$Comment
instanceKlass com/sun/tools/javac/parser/Scanner
instanceKlass com/sun/source/tree/LineMap
instanceKlass com/sun/tools/javac/util/BaseFileManager$ContentCacheEntry
instanceKlass com/sun/tools/javac/util/DiagnosticSource
instanceKlass com/sun/tools/javac/processing/JavacProcessingEnvironment$DiscoveredProcessors$ProcessorStateIterator
